2020-10-01 15:53:58,159:INFO:PyCaret Anomaly Detection Module
2020-10-01 15:53:58,159:INFO:version 2.1.2
2020-10-01 15:53:58,159:INFO:Initializing setup()
2020-10-01 15:53:58,159:INFO:USI: 911f
2020-10-01 15:53:58,159:INFO:setup(data=(1026, 82), categorical_features=None, categorical_imputation=constant, ordinal_features=None, high_cardinality_features=None, 
                    numeric_features=None, numeric_imputation=mean, date_features=None, ignore_features=['MouseID'], normalize=True,
                    normalize_method=zscore, transformation=False, transformation_method=yeo-johnson, handle_unknown_categorical=True, unknown_categorical_method=least_frequent, pca=False, pca_method=linear,
                    pca_components=None, ignore_low_variance=False, combine_rare_levels=False, rare_level_threshold=0.1, bin_numeric_features=None,
                    remove_multicollinearity=False, multicollinearity_threshold=0.9, group_features=None,
                    group_names=None, supervised=False, supervised_target=None, n_jobs=-1, html=True, session_id=123, log_experiment=False,
                    experiment_name=None, log_plots=False, log_profile=False, log_data=False, silent=False, verbose=True, profile=False)
2020-10-01 15:53:58,159:INFO:Checking environment
2020-10-01 15:53:58,159:INFO:python_version: 3.7.6
2020-10-01 15:53:58,160:INFO:python_build: ('default', 'Jan  8 2020 13:42:34')
2020-10-01 15:53:58,160:INFO:machine: x86_64
2020-10-01 15:53:58,175:INFO:platform: Darwin-19.5.0-x86_64-i386-64bit
2020-10-01 15:53:58,201:INFO:Memory: svmem(total=8589934592, available=3262574592, percent=62.0, used=4739760128, free=50798592, active=3227688960, inactive=2960396288, wired=1512071168)
2020-10-01 15:53:58,201:INFO:Physical Core: 2
2020-10-01 15:53:58,201:INFO:Logical Core: 4
2020-10-01 15:53:58,201:INFO:Checking libraries
2020-10-01 15:53:58,202:INFO:pd==1.0.1
2020-10-01 15:53:58,202:INFO:numpy==1.18.1
2020-10-01 15:54:04,630:WARNING:pyod not found
2020-10-01 15:54:06,179:INFO:mlflow==1.11.0
2020-10-01 15:54:06,179:INFO:Checking Exceptions
2020-10-01 15:54:06,179:INFO:Preloading libraries
2020-10-01 15:54:06,269:INFO:Preparing display monitor
2020-10-01 15:54:06,288:INFO:Importing libraries
2020-10-01 15:54:06,288:INFO:Declaring global variables
2020-10-01 15:54:06,288:INFO:Copying data for preprocessing
2020-10-01 15:54:06,297:INFO:Declaring preprocessing parameters
2020-10-01 15:54:06,298:INFO:Importing preprocessing module
2020-10-01 15:55:02,611:INFO:PyCaret Anomaly Detection Module
2020-10-01 15:55:02,611:INFO:version 2.1.2
2020-10-01 15:55:02,612:INFO:Initializing setup()
2020-10-01 15:55:02,612:INFO:USI: e26d
2020-10-01 15:55:02,613:INFO:setup(data=(1026, 82), categorical_features=None, categorical_imputation=constant, ordinal_features=None, high_cardinality_features=None, 
                    numeric_features=None, numeric_imputation=mean, date_features=None, ignore_features=['MouseID'], normalize=True,
                    normalize_method=zscore, transformation=False, transformation_method=yeo-johnson, handle_unknown_categorical=True, unknown_categorical_method=least_frequent, pca=False, pca_method=linear,
                    pca_components=None, ignore_low_variance=False, combine_rare_levels=False, rare_level_threshold=0.1, bin_numeric_features=None,
                    remove_multicollinearity=False, multicollinearity_threshold=0.9, group_features=None,
                    group_names=None, supervised=False, supervised_target=None, n_jobs=-1, html=True, session_id=123, log_experiment=False,
                    experiment_name=None, log_plots=False, log_profile=False, log_data=False, silent=False, verbose=True, profile=False)
2020-10-01 15:55:02,613:INFO:Checking environment
2020-10-01 15:55:02,613:INFO:python_version: 3.7.6
2020-10-01 15:55:02,613:INFO:python_build: ('default', 'Jan  8 2020 13:42:34')
2020-10-01 15:55:02,613:INFO:machine: x86_64
2020-10-01 15:55:02,613:INFO:platform: Darwin-19.5.0-x86_64-i386-64bit
2020-10-01 15:55:02,614:INFO:Memory: svmem(total=8589934592, available=3298320384, percent=61.6, used=4703952896, free=78323712, active=3223126016, inactive=3071553536, wired=1480826880)
2020-10-01 15:55:02,614:INFO:Physical Core: 2
2020-10-01 15:55:02,614:INFO:Logical Core: 4
2020-10-01 15:55:02,614:INFO:Checking libraries
2020-10-01 15:55:02,614:INFO:pd==1.0.1
2020-10-01 15:55:02,615:INFO:numpy==1.18.1
2020-10-01 15:55:02,615:WARNING:pyod not found
2020-10-01 15:55:02,615:INFO:mlflow==1.11.0
2020-10-01 15:55:02,616:INFO:Checking Exceptions
2020-10-01 15:55:02,616:INFO:Preloading libraries
2020-10-01 15:55:02,616:INFO:Preparing display monitor
2020-10-01 15:55:02,641:INFO:Importing libraries
2020-10-01 15:55:02,642:INFO:Declaring global variables
2020-10-01 15:55:02,642:INFO:Copying data for preprocessing
2020-10-01 15:55:02,657:INFO:Declaring preprocessing parameters
2020-10-01 15:55:02,657:INFO:Importing preprocessing module
2020-10-01 19:03:11,192:INFO:PyCaret Anomaly Detection Module
2020-10-01 19:03:11,193:INFO:version 2.1.2
2020-10-01 19:03:11,193:INFO:Initializing setup()
2020-10-01 19:03:11,193:INFO:USI: c2c2
2020-10-01 19:03:11,193:INFO:setup(data=(1026, 82), categorical_features=None, categorical_imputation=constant, ordinal_features=None, high_cardinality_features=None, 
                    numeric_features=None, numeric_imputation=mean, date_features=None, ignore_features=['MouseID'], normalize=True,
                    normalize_method=zscore, transformation=False, transformation_method=yeo-johnson, handle_unknown_categorical=True, unknown_categorical_method=least_frequent, pca=False, pca_method=linear,
                    pca_components=None, ignore_low_variance=False, combine_rare_levels=False, rare_level_threshold=0.1, bin_numeric_features=None,
                    remove_multicollinearity=False, multicollinearity_threshold=0.9, group_features=None,
                    group_names=None, supervised=False, supervised_target=None, n_jobs=-1, html=True, session_id=123, log_experiment=False,
                    experiment_name=None, log_plots=False, log_profile=False, log_data=False, silent=False, verbose=True, profile=False)
2020-10-01 19:03:11,193:INFO:Checking environment
2020-10-01 19:03:11,193:INFO:python_version: 3.7.6
2020-10-01 19:03:11,194:INFO:python_build: ('default', 'Jan  8 2020 13:42:34')
2020-10-01 19:03:11,194:INFO:machine: x86_64
2020-10-01 19:03:11,231:INFO:platform: Darwin-19.5.0-x86_64-i386-64bit
2020-10-01 19:03:11,309:INFO:Memory: svmem(total=8589934592, available=3421331456, percent=60.2, used=4570050560, free=221954048, active=3033137152, inactive=2711953408, wired=1536913408)
2020-10-01 19:03:11,309:INFO:Physical Core: 2
2020-10-01 19:03:11,310:INFO:Logical Core: 4
2020-10-01 19:03:11,310:INFO:Checking libraries
2020-10-01 19:03:11,310:INFO:pd==1.0.1
2020-10-01 19:03:11,310:INFO:numpy==1.18.1
2020-10-01 19:03:13,914:WARNING:pyod not found
2020-10-01 19:03:15,583:INFO:mlflow==1.11.0
2020-10-01 19:03:15,584:INFO:Checking Exceptions
2020-10-01 19:03:15,584:INFO:Preloading libraries
2020-10-01 19:03:15,674:INFO:Preparing display monitor
2020-10-01 19:03:15,693:INFO:Importing libraries
2020-10-01 19:03:15,693:INFO:Declaring global variables
2020-10-01 19:03:15,693:INFO:Copying data for preprocessing
2020-10-01 19:03:15,702:INFO:Declaring preprocessing parameters
2020-10-01 19:03:15,702:INFO:Importing preprocessing module
2020-10-01 19:03:17,007:INFO:Creating preprocessing pipeline
2020-10-01 19:03:32,870:INFO:Preprocessing pipeline created successfully
2020-10-01 19:03:32,870:INFO:Creating grid variables
2020-10-01 19:03:32,873:INFO:Creating global containers
2020-10-01 19:03:33,357:INFO:Pipeline(memory=None,
         steps=[('dtypes',
                 DataTypes_Auto_infer(categorical_features=[],
                                      display_types=True,
                                      features_todrop=['MouseID'],
                                      ml_usecase='regression',
                                      numerical_features=[],
                                      target='dummy_target',
                                      time_features=[])),
                ('imputer',
                 Simple_Imputer(categorical_strategy='not_available',
                                numeric_strategy='mean',
                                target_variable=None)),
                ('new_levels1',
                 New_Cata...
                ('group', Empty()),
                ('scaling',
                 Scaling_and_Power_transformation(function_to_apply='zscore',
                                                  random_state_quantile=123,
                                                  target='dummy_target')),
                ('P_transform', Empty()), ('binn', Empty()),
                ('fix_perfect', Empty()), ('rem_outliers', Empty()),
                ('dummy', Dummify(target='dummy_target')),
                ('clean_names', Clean_Colum_Names()), ('fix_multi', Empty()),
                ('pca', Empty())],
         verbose=False)
2020-10-01 19:03:33,357:INFO:setup() succesfully completed......................................
2020-10-01 19:05:38,438:INFO:Initializing create_model()
2020-10-01 19:05:38,438:INFO:create_model(model=iforest, fraction=0.05, verbose=True, system=True)
2020-10-01 19:05:38,438:INFO:Checking exceptions
2020-10-01 19:05:38,439:INFO:Preloading libraries
2020-10-01 19:05:38,439:INFO:Preparing display monitor
2020-10-01 19:05:38,477:INFO:Importing untrained model
2020-10-01 19:05:38,477:INFO:Isolation Forest Imported succesfully
2020-10-01 19:05:38,486:INFO:Fitting Model
2020-10-01 19:05:39,086:INFO:IForest(behaviour='new', bootstrap=False, contamination=0.05,
    max_features=1.0, max_samples='auto', n_estimators=100, n_jobs=1,
    random_state=123, verbose=0)
2020-10-01 19:05:39,086:INFO:create_models() succesfully completed......................................
2020-10-01 19:06:40,344:INFO:Initializing create_model()
2020-10-01 19:06:40,345:INFO:create_model(model=svm, fraction=0.05, verbose=True, system=True)
2020-10-01 19:06:40,345:INFO:Checking exceptions
2020-10-01 19:06:40,346:INFO:Preloading libraries
2020-10-01 19:06:40,346:INFO:Preparing display monitor
2020-10-01 19:06:40,381:INFO:Importing untrained model
2020-10-01 19:06:40,383:INFO:One-class SVM detector Imported succesfully
2020-10-01 19:06:40,403:INFO:Fitting Model
2020-10-01 19:06:40,667:INFO:OCSVM(cache_size=200, coef0=0.0, contamination=0.05, degree=3, gamma='auto',
   kernel='rbf', max_iter=-1, nu=0.5, shrinking=True, tol=0.001,
   verbose=False)
2020-10-01 19:06:40,667:INFO:create_models() succesfully completed......................................
2020-10-01 19:07:01,684:INFO:Initializing create_model()
2020-10-01 19:07:01,684:INFO:create_model(model=svm, fraction=0.025, verbose=True, system=True)
2020-10-01 19:07:01,685:INFO:Checking exceptions
2020-10-01 19:07:01,686:INFO:Preloading libraries
2020-10-01 19:07:01,686:INFO:Preparing display monitor
2020-10-01 19:07:01,723:INFO:Importing untrained model
2020-10-01 19:07:01,723:INFO:One-class SVM detector Imported succesfully
2020-10-01 19:07:01,759:INFO:Fitting Model
2020-10-01 19:07:01,996:INFO:OCSVM(cache_size=200, coef0=0.0, contamination=0.025, degree=3, gamma='auto',
   kernel='rbf', max_iter=-1, nu=0.5, shrinking=True, tol=0.001,
   verbose=False)
2020-10-01 19:07:01,997:INFO:create_models() succesfully completed......................................
2020-10-01 19:08:36,819:INFO:Initializing assign_model()
2020-10-01 19:08:36,820:INFO:assign_model(model=IForest(behaviour='new', bootstrap=False, contamination=0.05,
    max_features=1.0, max_samples='auto', n_estimators=100, n_jobs=1,
    random_state=123, verbose=0), transformation=False, score=True, verbose=True)
2020-10-01 19:08:36,820:INFO:Preloading libraries
2020-10-01 19:08:36,821:INFO:Copying data
2020-10-01 19:08:36,822:INFO:Preparing display monitor
2020-10-01 19:08:36,860:INFO:Determining Trained Model
2020-10-01 19:08:36,860:INFO:Trained Model : Assigned Isolation Forest
2020-10-01 19:08:36,863:INFO:(1026, 84)
2020-10-01 19:08:36,863:INFO:assign_model() succesfully completed......................................
2020-10-01 19:09:57,061:INFO:Initializing plot_model()
2020-10-01 19:09:57,064:INFO:plot_model(model=IForest(behaviour='new', bootstrap=False, contamination=0.05,
    max_features=1.0, max_samples='auto', n_estimators=100, n_jobs=1,
    random_state=123, verbose=0), plot=tsne, feature=None, save=False, system=True)
2020-10-01 19:09:57,064:INFO:Checking exceptions
2020-10-01 19:09:57,064:INFO:Importing libraries
2020-10-01 19:09:57,990:INFO:plot type: tsne
2020-10-01 19:09:57,990:INFO:SubProcess assign_model() called ==================================
2020-10-01 19:09:57,990:INFO:Initializing assign_model()
2020-10-01 19:09:57,991:INFO:assign_model(model=IForest(behaviour='new', bootstrap=False, contamination=0.05,
    max_features=1.0, max_samples='auto', n_estimators=100, n_jobs=1,
    random_state=123, verbose=0), transformation=True, score=False, verbose=False)
2020-10-01 19:09:57,991:INFO:Preloading libraries
2020-10-01 19:09:57,991:INFO:Copying data
2020-10-01 19:09:57,991:INFO:Preparing display monitor
2020-10-01 19:09:58,006:INFO:Determining Trained Model
2020-10-01 19:09:58,006:INFO:Trained Model : Assigned Isolation Forest
2020-10-01 19:09:58,006:INFO:(1026, 92)
2020-10-01 19:09:58,007:INFO:assign_model() succesfully completed......................................
2020-10-01 19:09:58,007:INFO:SubProcess assign_model() end ==================================
2020-10-01 19:09:58,013:INFO:Getting dummies to cast categorical variables
2020-10-01 19:09:58,020:INFO:Fitting TSNE()
2020-10-01 19:10:09,952:INFO:Rendering Visual
2020-10-01 19:10:11,447:INFO:Visual Rendered Successfully
2020-10-01 19:10:11,447:INFO:plot_model() succesfully completed......................................
2020-10-01 19:25:17,429:INFO:PyCaret Classification Module
2020-10-01 19:25:17,430:INFO:version 2.1.2
2020-10-01 19:25:17,430:INFO:Initializing setup()
2020-10-01 19:25:17,430:INFO:USI: 98d9
2020-10-01 19:25:17,430:INFO:setup(data=(22800, 24), target=default, train_size=0.7, sampling=True, sample_estimator=None, categorical_features=None, categorical_imputation=constant, ordinal_features=None,
                    high_cardinality_features=None, high_cardinality_method=frequency, numeric_features=None, numeric_imputation=mean, date_features=None, ignore_features=None, normalize=False,
                    normalize_method=zscore, transformation=False, transformation_method=yeo-johnson, handle_unknown_categorical=True, unknown_categorical_method=least_frequent, pca=False, pca_method=linear,
                    pca_components=None, ignore_low_variance=False, combine_rare_levels=False, rare_level_threshold=0.1, bin_numeric_features=None, remove_outliers=False, outliers_threshold=0.05,
                    remove_multicollinearity=False, multicollinearity_threshold=0.9, remove_perfect_collinearity=False, create_clusters=False, cluster_iter=20,
                    polynomial_features=False, polynomial_degree=2, trigonometry_features=False, polynomial_threshold=0.1, group_features=None,
                    group_names=None, feature_selection=False, feature_selection_threshold=0.8, feature_interaction=False, feature_ratio=False, interaction_threshold=0.01,
                    fix_imbalance=False, fix_imbalance_method=None, data_split_shuffle=True, folds_shuffle=False, n_jobs=-1, html=True, session_id=123, log_experiment=False,
                    experiment_name=None, log_plots=False, log_profile=False, log_data=False, silent=False, verbose=True, profile=False)
2020-10-01 19:25:17,431:INFO:Checking environment
2020-10-01 19:25:17,431:INFO:python_version: 3.7.6
2020-10-01 19:25:17,431:INFO:python_build: ('default', 'Jan  8 2020 13:42:34')
2020-10-01 19:25:17,431:INFO:machine: x86_64
2020-10-01 19:25:17,449:INFO:platform: Darwin-19.5.0-x86_64-i386-64bit
2020-10-01 19:25:17,463:INFO:Memory: svmem(total=8589934592, available=3343532032, percent=61.1, used=4646699008, free=211271680, active=3104342016, inactive=2588786688, wired=1542356992)
2020-10-01 19:25:17,463:INFO:Physical Core: 2
2020-10-01 19:25:17,463:INFO:Logical Core: 4
2020-10-01 19:25:17,463:INFO:Checking libraries
2020-10-01 19:25:17,463:INFO:pd==1.0.1
2020-10-01 19:25:17,464:INFO:numpy==1.18.1
2020-10-01 19:25:18,087:INFO:sklearn==0.23.2
2020-10-01 19:25:20,710:INFO:xgboost==1.2.0
2020-10-01 19:25:20,762:INFO:lightgbm==3.0.0
2020-10-01 19:25:21,395:INFO:catboost==0.24.1
2020-10-01 19:25:21,817:INFO:mlflow==1.11.0
2020-10-01 19:25:21,818:INFO:Checking Exceptions
2020-10-01 19:25:21,818:INFO:Preloading libraries
2020-10-01 19:25:21,818:INFO:Preparing display monitor
2020-10-01 19:25:21,837:INFO:Importing libraries
2020-10-01 19:25:22,769:INFO:Declaring global variables
2020-10-01 19:25:22,769:INFO:Copying data for preprocessing
2020-10-01 19:25:22,782:INFO:Declaring preprocessing parameters
2020-10-01 19:25:22,782:INFO:Importing preprocessing module
2020-10-01 19:25:23,163:INFO:Creating preprocessing pipeline
2020-10-01 19:25:28,689:INFO:Preprocessing pipeline created successfully
2020-10-01 19:25:28,690:INFO:Creating grid variables
2020-10-01 19:25:28,694:INFO:Creating global containers
2020-10-01 19:25:28,824:INFO:create_model_container 0
2020-10-01 19:25:28,825:INFO:master_model_container 0
2020-10-01 19:25:28,825:INFO:display_container 0
2020-10-01 19:25:28,833:INFO:Pipeline(memory=None,
         steps=[('dtypes',
                 DataTypes_Auto_infer(categorical_features=[],
                                      display_types=True, features_todrop=[],
                                      ml_usecase='classification',
                                      numerical_features=[], target='default',
                                      time_features=[])),
                ('imputer',
                 Simple_Imputer(categorical_strategy='not_available',
                                numeric_strategy='mean',
                                target_variable=None)),
                ('new_levels1',
                 New_Catagorical_Le...
                ('group', Empty()), ('nonliner', Empty()), ('scaling', Empty()),
                ('P_transform', Empty()), ('pt_target', Empty()),
                ('binn', Empty()), ('rem_outliers', Empty()),
                ('cluster_all', Empty()), ('dummy', Dummify(target='default')),
                ('fix_perfect', Empty()), ('clean_names', Clean_Colum_Names()),
                ('feature_select', Empty()), ('fix_multi', Empty()),
                ('dfs', Empty()), ('pca', Empty())],
         verbose=False)
2020-10-01 19:25:28,833:INFO:setup() succesfully completed......................................
2020-10-01 19:31:34,163:INFO:Initializing compare_models()
2020-10-01 19:31:34,163:INFO:compare_models(exclude=None, include=None, fold=10, round=4, sort=Accuracy, n_select=1, turbo=True, verbose=True)
2020-10-01 19:31:34,163:INFO:Checking exceptions
2020-10-01 19:31:34,166:INFO:Preloading libraries
2020-10-01 19:31:34,166:INFO:Preparing display monitor
2020-10-01 19:31:34,226:INFO:Copying training dataset
2020-10-01 19:31:34,228:INFO:Importing libraries
2020-10-01 19:31:34,307:INFO:Importing untrained models
2020-10-01 19:31:34,308:INFO:Import successful
2020-10-01 19:31:34,324:INFO:Defining folds
2020-10-01 19:31:34,324:INFO:Declaring metric variables
2020-10-01 19:31:34,325:INFO:Initializing Logistic Regression
2020-10-01 19:31:34,347:INFO:Initializing Fold 1
2020-10-01 19:31:34,348:INFO:Total runtime is 0.0003932833671569824 minutes
2020-10-01 19:31:34,372:INFO:Fitting Model
2020-10-01 19:31:34,718:INFO:Evaluating Metrics
2020-10-01 19:31:34,733:INFO:Compiling Metrics
2020-10-01 19:31:34,745:INFO:Initializing Fold 2
2020-10-01 19:31:34,746:INFO:Total runtime is 0.007023517290751139 minutes
2020-10-01 19:31:34,767:INFO:Fitting Model
2020-10-01 19:31:35,058:INFO:Evaluating Metrics
2020-10-01 19:31:35,071:INFO:Compiling Metrics
2020-10-01 19:31:35,082:INFO:Initializing Fold 3
2020-10-01 19:31:35,083:INFO:Total runtime is 0.012631233533223471 minutes
2020-10-01 19:31:35,102:INFO:Fitting Model
2020-10-01 19:31:35,401:INFO:Evaluating Metrics
2020-10-01 19:31:35,414:INFO:Compiling Metrics
2020-10-01 19:31:35,425:INFO:Initializing Fold 4
2020-10-01 19:31:35,426:INFO:Total runtime is 0.018346667289733887 minutes
2020-10-01 19:31:35,445:INFO:Fitting Model
2020-10-01 19:31:35,783:INFO:Evaluating Metrics
2020-10-01 19:31:35,797:INFO:Compiling Metrics
2020-10-01 19:31:35,807:INFO:Initializing Fold 5
2020-10-01 19:31:35,808:INFO:Total runtime is 0.02472458283106486 minutes
2020-10-01 19:31:35,826:INFO:Fitting Model
2020-10-01 19:31:36,385:INFO:Evaluating Metrics
2020-10-01 19:31:36,419:INFO:Compiling Metrics
2020-10-01 19:31:36,438:INFO:Initializing Fold 6
2020-10-01 19:31:36,440:INFO:Total runtime is 0.03524893522262573 minutes
2020-10-01 19:31:36,462:INFO:Fitting Model
2020-10-01 19:31:36,842:INFO:Evaluating Metrics
2020-10-01 19:31:36,856:INFO:Compiling Metrics
2020-10-01 19:31:36,867:INFO:Initializing Fold 7
2020-10-01 19:31:36,868:INFO:Total runtime is 0.04239151875178019 minutes
2020-10-01 19:31:36,888:INFO:Fitting Model
2020-10-01 19:31:37,170:INFO:Evaluating Metrics
2020-10-01 19:31:37,187:INFO:Compiling Metrics
2020-10-01 19:31:37,198:INFO:Initializing Fold 8
2020-10-01 19:31:37,199:INFO:Total runtime is 0.04790650208791097 minutes
2020-10-01 19:31:37,217:INFO:Fitting Model
2020-10-01 19:31:37,528:INFO:Evaluating Metrics
2020-10-01 19:31:37,542:INFO:Compiling Metrics
2020-10-01 19:31:37,552:INFO:Initializing Fold 9
2020-10-01 19:31:37,553:INFO:Total runtime is 0.05380786657333374 minutes
2020-10-01 19:31:37,572:INFO:Fitting Model
2020-10-01 19:31:37,894:INFO:Evaluating Metrics
2020-10-01 19:31:37,907:INFO:Compiling Metrics
2020-10-01 19:31:37,918:INFO:Initializing Fold 10
2020-10-01 19:31:37,919:INFO:Total runtime is 0.05990011692047119 minutes
2020-10-01 19:31:37,937:INFO:Fitting Model
2020-10-01 19:31:38,247:INFO:Evaluating Metrics
2020-10-01 19:31:38,262:INFO:Compiling Metrics
2020-10-01 19:31:38,273:INFO:Calculating mean and std
2020-10-01 19:31:38,274:INFO:Creating metrics dataframe
2020-10-01 19:31:38,295:INFO:Initializing K Neighbors Classifier
2020-10-01 19:31:38,309:INFO:Initializing Fold 1
2020-10-01 19:31:38,310:INFO:Total runtime is 0.06642676989237467 minutes
2020-10-01 19:31:38,331:INFO:Fitting Model
2020-10-01 19:31:38,443:INFO:Evaluating Metrics
2020-10-01 19:31:39,049:INFO:Compiling Metrics
2020-10-01 19:31:39,059:INFO:Initializing Fold 2
2020-10-01 19:31:39,060:INFO:Total runtime is 0.07892651955286661 minutes
2020-10-01 19:31:39,081:INFO:Fitting Model
2020-10-01 19:31:39,195:INFO:Evaluating Metrics
2020-10-01 19:31:40,044:INFO:Compiling Metrics
2020-10-01 19:31:40,070:INFO:Initializing Fold 3
2020-10-01 19:31:40,085:INFO:Total runtime is 0.09600645303726196 minutes
2020-10-01 19:31:40,113:INFO:Fitting Model
2020-10-01 19:31:40,278:INFO:Evaluating Metrics
2020-10-01 19:31:40,763:INFO:Compiling Metrics
2020-10-01 19:31:40,774:INFO:Initializing Fold 4
2020-10-01 19:31:40,775:INFO:Total runtime is 0.10749663511912028 minutes
2020-10-01 19:31:40,790:INFO:Fitting Model
2020-10-01 19:31:40,888:INFO:Evaluating Metrics
2020-10-01 19:31:41,379:INFO:Compiling Metrics
2020-10-01 19:31:41,389:INFO:Initializing Fold 5
2020-10-01 19:31:41,390:INFO:Total runtime is 0.11775241692860922 minutes
2020-10-01 19:31:41,408:INFO:Fitting Model
2020-10-01 19:31:41,512:INFO:Evaluating Metrics
2020-10-01 19:31:42,201:INFO:Compiling Metrics
2020-10-01 19:31:42,211:INFO:Initializing Fold 6
2020-10-01 19:31:42,212:INFO:Total runtime is 0.13145354986190796 minutes
2020-10-01 19:31:42,232:INFO:Fitting Model
2020-10-01 19:31:42,330:INFO:Evaluating Metrics
2020-10-01 19:31:42,920:INFO:Compiling Metrics
2020-10-01 19:31:42,930:INFO:Initializing Fold 7
2020-10-01 19:31:42,931:INFO:Total runtime is 0.14343640009562175 minutes
2020-10-01 19:31:42,945:INFO:Fitting Model
2020-10-01 19:31:43,047:INFO:Evaluating Metrics
2020-10-01 19:31:43,534:INFO:Compiling Metrics
2020-10-01 19:31:43,544:INFO:Initializing Fold 8
2020-10-01 19:31:43,545:INFO:Total runtime is 0.1536698659261068 minutes
2020-10-01 19:31:43,561:INFO:Fitting Model
2020-10-01 19:31:43,666:INFO:Evaluating Metrics
2020-10-01 19:31:44,145:INFO:Compiling Metrics
2020-10-01 19:31:44,155:INFO:Initializing Fold 9
2020-10-01 19:31:44,157:INFO:Total runtime is 0.163863217830658 minutes
2020-10-01 19:31:44,173:INFO:Fitting Model
2020-10-01 19:31:44,278:INFO:Evaluating Metrics
2020-10-01 19:31:44,975:INFO:Compiling Metrics
2020-10-01 19:31:44,985:INFO:Initializing Fold 10
2020-10-01 19:31:44,986:INFO:Total runtime is 0.1776904662450155 minutes
2020-10-01 19:31:45,000:INFO:Fitting Model
2020-10-01 19:31:45,097:INFO:Evaluating Metrics
2020-10-01 19:31:45,587:INFO:Compiling Metrics
2020-10-01 19:31:45,597:INFO:Calculating mean and std
2020-10-01 19:31:45,597:INFO:Creating metrics dataframe
2020-10-01 19:31:45,615:INFO:Initializing Naive Bayes
2020-10-01 19:31:45,630:INFO:Initializing Fold 1
2020-10-01 19:31:45,634:INFO:Total runtime is 0.1884912172953288 minutes
2020-10-01 19:31:45,660:INFO:Fitting Model
2020-10-01 19:31:45,701:INFO:Evaluating Metrics
2020-10-01 19:31:45,718:INFO:Compiling Metrics
2020-10-01 19:31:45,728:INFO:Initializing Fold 2
2020-10-01 19:31:45,729:INFO:Total runtime is 0.19007178147633874 minutes
2020-10-01 19:31:45,762:INFO:Fitting Model
2020-10-01 19:31:45,790:INFO:Evaluating Metrics
2020-10-01 19:31:45,805:INFO:Compiling Metrics
2020-10-01 19:31:45,816:INFO:Initializing Fold 3
2020-10-01 19:31:45,817:INFO:Total runtime is 0.1915423671404521 minutes
2020-10-01 19:31:45,835:INFO:Fitting Model
2020-10-01 19:31:45,867:INFO:Evaluating Metrics
2020-10-01 19:31:45,883:INFO:Compiling Metrics
2020-10-01 19:31:45,893:INFO:Initializing Fold 4
2020-10-01 19:31:45,894:INFO:Total runtime is 0.1928202311197917 minutes
2020-10-01 19:31:45,910:INFO:Fitting Model
2020-10-01 19:31:45,942:INFO:Evaluating Metrics
2020-10-01 19:31:45,959:INFO:Compiling Metrics
2020-10-01 19:31:45,969:INFO:Initializing Fold 5
2020-10-01 19:31:45,970:INFO:Total runtime is 0.19408396879831954 minutes
2020-10-01 19:31:45,983:INFO:Fitting Model
2020-10-01 19:31:46,028:INFO:Evaluating Metrics
2020-10-01 19:31:46,057:INFO:Compiling Metrics
2020-10-01 19:31:46,077:INFO:Initializing Fold 6
2020-10-01 19:31:46,078:INFO:Total runtime is 0.19589480161666875 minutes
2020-10-01 19:31:46,096:INFO:Fitting Model
2020-10-01 19:31:46,126:INFO:Evaluating Metrics
2020-10-01 19:31:46,143:INFO:Compiling Metrics
2020-10-01 19:31:46,154:INFO:Initializing Fold 7
2020-10-01 19:31:46,155:INFO:Total runtime is 0.1971676349639893 minutes
2020-10-01 19:31:46,173:INFO:Fitting Model
2020-10-01 19:31:46,205:INFO:Evaluating Metrics
2020-10-01 19:31:46,221:INFO:Compiling Metrics
2020-10-01 19:31:46,232:INFO:Initializing Fold 8
2020-10-01 19:31:46,233:INFO:Total runtime is 0.19846825202306118 minutes
2020-10-01 19:31:46,250:INFO:Fitting Model
2020-10-01 19:31:46,281:INFO:Evaluating Metrics
2020-10-01 19:31:46,297:INFO:Compiling Metrics
2020-10-01 19:31:46,307:INFO:Initializing Fold 9
2020-10-01 19:31:46,308:INFO:Total runtime is 0.1997261007626852 minutes
2020-10-01 19:31:46,326:INFO:Fitting Model
2020-10-01 19:31:46,357:INFO:Evaluating Metrics
2020-10-01 19:31:46,375:INFO:Compiling Metrics
2020-10-01 19:31:46,387:INFO:Initializing Fold 10
2020-10-01 19:31:46,388:INFO:Total runtime is 0.20104908545811978 minutes
2020-10-01 19:31:46,401:INFO:Fitting Model
2020-10-01 19:31:46,429:INFO:Evaluating Metrics
2020-10-01 19:31:46,446:INFO:Compiling Metrics
2020-10-01 19:31:46,456:INFO:Calculating mean and std
2020-10-01 19:31:46,457:INFO:Creating metrics dataframe
2020-10-01 19:31:46,475:INFO:Initializing Decision Tree Classifier
2020-10-01 19:31:46,490:INFO:Initializing Fold 1
2020-10-01 19:31:46,491:INFO:Total runtime is 0.2027762691179912 minutes
2020-10-01 19:31:46,514:INFO:Fitting Model
2020-10-01 19:31:47,014:INFO:Evaluating Metrics
2020-10-01 19:31:47,029:INFO:Compiling Metrics
2020-10-01 19:31:47,040:INFO:Initializing Fold 2
2020-10-01 19:31:47,041:INFO:Total runtime is 0.21193668444951383 minutes
2020-10-01 19:31:47,059:INFO:Fitting Model
2020-10-01 19:31:47,481:INFO:Evaluating Metrics
2020-10-01 19:31:47,496:INFO:Compiling Metrics
2020-10-01 19:31:47,507:INFO:Initializing Fold 3
2020-10-01 19:31:47,508:INFO:Total runtime is 0.21972603400548307 minutes
2020-10-01 19:31:47,531:INFO:Fitting Model
2020-10-01 19:31:47,906:INFO:Evaluating Metrics
2020-10-01 19:31:47,921:INFO:Compiling Metrics
2020-10-01 19:31:47,932:INFO:Initializing Fold 4
2020-10-01 19:31:47,933:INFO:Total runtime is 0.22680683533350635 minutes
2020-10-01 19:31:47,957:INFO:Fitting Model
2020-10-01 19:31:48,384:INFO:Evaluating Metrics
2020-10-01 19:31:48,407:INFO:Compiling Metrics
2020-10-01 19:31:48,428:INFO:Initializing Fold 5
2020-10-01 19:31:48,429:INFO:Total runtime is 0.2350740353266399 minutes
2020-10-01 19:31:48,459:INFO:Fitting Model
2020-10-01 19:31:49,399:INFO:Evaluating Metrics
2020-10-01 19:31:49,429:INFO:Compiling Metrics
2020-10-01 19:31:49,456:INFO:Initializing Fold 6
2020-10-01 19:31:49,462:INFO:Total runtime is 0.2522927681605022 minutes
2020-10-01 19:31:49,499:INFO:Fitting Model
2020-10-01 19:31:50,360:INFO:Evaluating Metrics
2020-10-01 19:31:50,388:INFO:Compiling Metrics
2020-10-01 19:31:50,431:INFO:Initializing Fold 7
2020-10-01 19:31:50,440:INFO:Total runtime is 0.2685957153638205 minutes
2020-10-01 19:31:50,489:INFO:Fitting Model
2020-10-01 19:31:51,080:INFO:Evaluating Metrics
2020-10-01 19:31:51,095:INFO:Compiling Metrics
2020-10-01 19:31:51,105:INFO:Initializing Fold 8
2020-10-01 19:31:51,106:INFO:Total runtime is 0.27969301939010627 minutes
2020-10-01 19:31:51,130:INFO:Fitting Model
2020-10-01 19:31:51,524:INFO:Evaluating Metrics
2020-10-01 19:31:51,540:INFO:Compiling Metrics
2020-10-01 19:31:51,550:INFO:Initializing Fold 9
2020-10-01 19:31:51,551:INFO:Total runtime is 0.2870991508165996 minutes
2020-10-01 19:31:51,574:INFO:Fitting Model
2020-10-01 19:31:51,963:INFO:Evaluating Metrics
2020-10-01 19:31:51,978:INFO:Compiling Metrics
2020-10-01 19:31:51,990:INFO:Initializing Fold 10
2020-10-01 19:31:51,991:INFO:Total runtime is 0.29443709850311284 minutes
2020-10-01 19:31:52,013:INFO:Fitting Model
2020-10-01 19:31:52,383:INFO:Evaluating Metrics
2020-10-01 19:31:52,404:INFO:Compiling Metrics
2020-10-01 19:31:52,413:INFO:Calculating mean and std
2020-10-01 19:31:52,414:INFO:Creating metrics dataframe
2020-10-01 19:31:52,433:INFO:Initializing SVM - Linear Kernel
2020-10-01 19:31:52,447:INFO:Initializing Fold 1
2020-10-01 19:31:52,448:INFO:Total runtime is 0.30205566883087165 minutes
2020-10-01 19:31:52,471:INFO:Fitting Model
2020-10-01 19:31:53,022:INFO:Evaluating Metrics
2020-10-01 19:31:53,022:WARNING:model has no predict_proba attribute. pred_prob set to 0.00
2020-10-01 19:31:53,027:WARNING:model has no predict_proba attribute. AUC set to 0.00
2020-10-01 19:31:53,032:INFO:Compiling Metrics
2020-10-01 19:31:53,042:INFO:Initializing Fold 2
2020-10-01 19:31:53,043:INFO:Total runtime is 0.31197151740392054 minutes
2020-10-01 19:31:53,060:INFO:Fitting Model
2020-10-01 19:31:53,692:INFO:Evaluating Metrics
2020-10-01 19:31:53,692:WARNING:model has no predict_proba attribute. pred_prob set to 0.00
2020-10-01 19:31:53,697:WARNING:model has no predict_proba attribute. AUC set to 0.00
2020-10-01 19:31:53,702:INFO:Compiling Metrics
2020-10-01 19:31:53,713:INFO:Initializing Fold 3
2020-10-01 19:31:53,714:INFO:Total runtime is 0.32315483490626024 minutes
2020-10-01 19:31:53,729:INFO:Fitting Model
2020-10-01 19:31:54,327:INFO:Evaluating Metrics
2020-10-01 19:31:54,327:WARNING:model has no predict_proba attribute. pred_prob set to 0.00
2020-10-01 19:31:54,332:WARNING:model has no predict_proba attribute. AUC set to 0.00
2020-10-01 19:31:54,337:INFO:Compiling Metrics
2020-10-01 19:31:54,349:INFO:Initializing Fold 4
2020-10-01 19:31:54,350:INFO:Total runtime is 0.33375648657480883 minutes
2020-10-01 19:31:54,372:INFO:Fitting Model
2020-10-01 19:31:55,034:INFO:Evaluating Metrics
2020-10-01 19:31:55,034:WARNING:model has no predict_proba attribute. pred_prob set to 0.00
2020-10-01 19:31:55,039:WARNING:model has no predict_proba attribute. AUC set to 0.00
2020-10-01 19:31:55,043:INFO:Compiling Metrics
2020-10-01 19:31:55,054:INFO:Initializing Fold 5
2020-10-01 19:31:55,055:INFO:Total runtime is 0.3455008506774903 minutes
2020-10-01 19:31:55,071:INFO:Fitting Model
2020-10-01 19:31:55,577:INFO:Evaluating Metrics
2020-10-01 19:31:55,577:WARNING:model has no predict_proba attribute. pred_prob set to 0.00
2020-10-01 19:31:55,582:WARNING:model has no predict_proba attribute. AUC set to 0.00
2020-10-01 19:31:55,586:INFO:Compiling Metrics
2020-10-01 19:31:55,596:INFO:Initializing Fold 6
2020-10-01 19:31:55,597:INFO:Total runtime is 0.35453741550445567 minutes
2020-10-01 19:31:55,615:INFO:Fitting Model
2020-10-01 19:31:56,252:INFO:Evaluating Metrics
2020-10-01 19:31:56,252:WARNING:model has no predict_proba attribute. pred_prob set to 0.00
2020-10-01 19:31:56,257:WARNING:model has no predict_proba attribute. AUC set to 0.00
2020-10-01 19:31:56,261:INFO:Compiling Metrics
2020-10-01 19:31:56,272:INFO:Initializing Fold 7
2020-10-01 19:31:56,273:INFO:Total runtime is 0.36580838362375906 minutes
2020-10-01 19:31:56,290:INFO:Fitting Model
2020-10-01 19:31:56,943:INFO:Evaluating Metrics
2020-10-01 19:31:56,944:WARNING:model has no predict_proba attribute. pred_prob set to 0.00
2020-10-01 19:31:56,948:WARNING:model has no predict_proba attribute. AUC set to 0.00
2020-10-01 19:31:56,954:INFO:Compiling Metrics
2020-10-01 19:31:56,966:INFO:Initializing Fold 8
2020-10-01 19:31:56,967:INFO:Total runtime is 0.37737210194269827 minutes
2020-10-01 19:31:56,984:INFO:Fitting Model
2020-10-01 19:31:57,416:INFO:Evaluating Metrics
2020-10-01 19:31:57,416:WARNING:model has no predict_proba attribute. pred_prob set to 0.00
2020-10-01 19:31:57,422:WARNING:model has no predict_proba attribute. AUC set to 0.00
2020-10-01 19:31:57,427:INFO:Compiling Metrics
2020-10-01 19:31:57,437:INFO:Initializing Fold 9
2020-10-01 19:31:57,439:INFO:Total runtime is 0.3852360208829245 minutes
2020-10-01 19:31:57,456:INFO:Fitting Model
2020-10-01 19:31:58,070:INFO:Evaluating Metrics
2020-10-01 19:31:58,070:WARNING:model has no predict_proba attribute. pred_prob set to 0.00
2020-10-01 19:31:58,075:WARNING:model has no predict_proba attribute. AUC set to 0.00
2020-10-01 19:31:58,080:INFO:Compiling Metrics
2020-10-01 19:31:58,091:INFO:Initializing Fold 10
2020-10-01 19:31:58,092:INFO:Total runtime is 0.3961211522420249 minutes
2020-10-01 19:31:58,109:INFO:Fitting Model
2020-10-01 19:31:58,896:INFO:Evaluating Metrics
2020-10-01 19:31:58,897:WARNING:model has no predict_proba attribute. pred_prob set to 0.00
2020-10-01 19:31:58,901:WARNING:model has no predict_proba attribute. AUC set to 0.00
2020-10-01 19:31:58,906:INFO:Compiling Metrics
2020-10-01 19:31:58,917:INFO:Calculating mean and std
2020-10-01 19:31:58,918:INFO:Creating metrics dataframe
2020-10-01 19:31:58,941:INFO:Initializing Ridge Classifier
2020-10-01 19:31:58,955:INFO:Initializing Fold 1
2020-10-01 19:31:58,956:INFO:Total runtime is 0.41052225430806494 minutes
2020-10-01 19:31:58,974:INFO:Fitting Model
2020-10-01 19:31:59,041:INFO:Evaluating Metrics
2020-10-01 19:31:59,041:WARNING:model has no predict_proba attribute. pred_prob set to 0.00
2020-10-01 19:31:59,046:WARNING:model has no predict_proba attribute. AUC set to 0.00
2020-10-01 19:31:59,050:INFO:Compiling Metrics
2020-10-01 19:31:59,063:INFO:Initializing Fold 2
2020-10-01 19:31:59,064:INFO:Total runtime is 0.41232639948527033 minutes
2020-10-01 19:31:59,088:INFO:Fitting Model
2020-10-01 19:31:59,127:INFO:Evaluating Metrics
2020-10-01 19:31:59,127:WARNING:model has no predict_proba attribute. pred_prob set to 0.00
2020-10-01 19:31:59,133:WARNING:model has no predict_proba attribute. AUC set to 0.00
2020-10-01 19:31:59,137:INFO:Compiling Metrics
2020-10-01 19:31:59,148:INFO:Initializing Fold 3
2020-10-01 19:31:59,149:INFO:Total runtime is 0.41373294989268 minutes
2020-10-01 19:31:59,168:INFO:Fitting Model
2020-10-01 19:31:59,207:INFO:Evaluating Metrics
2020-10-01 19:31:59,207:WARNING:model has no predict_proba attribute. pred_prob set to 0.00
2020-10-01 19:31:59,212:WARNING:model has no predict_proba attribute. AUC set to 0.00
2020-10-01 19:31:59,217:INFO:Compiling Metrics
2020-10-01 19:31:59,227:INFO:Initializing Fold 4
2020-10-01 19:31:59,228:INFO:Total runtime is 0.4150529344876609 minutes
2020-10-01 19:31:59,246:INFO:Fitting Model
2020-10-01 19:31:59,283:INFO:Evaluating Metrics
2020-10-01 19:31:59,284:WARNING:model has no predict_proba attribute. pred_prob set to 0.00
2020-10-01 19:31:59,289:WARNING:model has no predict_proba attribute. AUC set to 0.00
2020-10-01 19:31:59,294:INFO:Compiling Metrics
2020-10-01 19:31:59,304:INFO:Initializing Fold 5
2020-10-01 19:31:59,305:INFO:Total runtime is 0.4163326501846315 minutes
2020-10-01 19:31:59,322:INFO:Fitting Model
2020-10-01 19:31:59,361:INFO:Evaluating Metrics
2020-10-01 19:31:59,361:WARNING:model has no predict_proba attribute. pred_prob set to 0.00
2020-10-01 19:31:59,366:WARNING:model has no predict_proba attribute. AUC set to 0.00
2020-10-01 19:31:59,371:INFO:Compiling Metrics
2020-10-01 19:31:59,381:INFO:Initializing Fold 6
2020-10-01 19:31:59,383:INFO:Total runtime is 0.41763213475545263 minutes
2020-10-01 19:31:59,399:INFO:Fitting Model
2020-10-01 19:31:59,437:INFO:Evaluating Metrics
2020-10-01 19:31:59,437:WARNING:model has no predict_proba attribute. pred_prob set to 0.00
2020-10-01 19:31:59,442:WARNING:model has no predict_proba attribute. AUC set to 0.00
2020-10-01 19:31:59,446:INFO:Compiling Metrics
2020-10-01 19:31:59,456:INFO:Initializing Fold 7
2020-10-01 19:31:59,457:INFO:Total runtime is 0.4188769340515138 minutes
2020-10-01 19:31:59,475:INFO:Fitting Model
2020-10-01 19:31:59,512:INFO:Evaluating Metrics
2020-10-01 19:31:59,512:WARNING:model has no predict_proba attribute. pred_prob set to 0.00
2020-10-01 19:31:59,517:WARNING:model has no predict_proba attribute. AUC set to 0.00
2020-10-01 19:31:59,521:INFO:Compiling Metrics
2020-10-01 19:31:59,532:INFO:Initializing Fold 8
2020-10-01 19:31:59,533:INFO:Total runtime is 0.4201351682345074 minutes
2020-10-01 19:31:59,551:INFO:Fitting Model
2020-10-01 19:31:59,587:INFO:Evaluating Metrics
2020-10-01 19:31:59,587:WARNING:model has no predict_proba attribute. pred_prob set to 0.00
2020-10-01 19:31:59,593:WARNING:model has no predict_proba attribute. AUC set to 0.00
2020-10-01 19:31:59,597:INFO:Compiling Metrics
2020-10-01 19:31:59,610:INFO:Initializing Fold 9
2020-10-01 19:31:59,612:INFO:Total runtime is 0.4214474836985272 minutes
2020-10-01 19:31:59,628:INFO:Fitting Model
2020-10-01 19:31:59,667:INFO:Evaluating Metrics
2020-10-01 19:31:59,667:WARNING:model has no predict_proba attribute. pred_prob set to 0.00
2020-10-01 19:31:59,672:WARNING:model has no predict_proba attribute. AUC set to 0.00
2020-10-01 19:31:59,679:INFO:Compiling Metrics
2020-10-01 19:31:59,692:INFO:Initializing Fold 10
2020-10-01 19:31:59,693:INFO:Total runtime is 0.42280348539352436 minutes
2020-10-01 19:31:59,712:INFO:Fitting Model
2020-10-01 19:31:59,747:INFO:Evaluating Metrics
2020-10-01 19:31:59,747:WARNING:model has no predict_proba attribute. pred_prob set to 0.00
2020-10-01 19:31:59,753:WARNING:model has no predict_proba attribute. AUC set to 0.00
2020-10-01 19:31:59,757:INFO:Compiling Metrics
2020-10-01 19:31:59,767:INFO:Calculating mean and std
2020-10-01 19:31:59,767:INFO:Creating metrics dataframe
2020-10-01 19:31:59,791:INFO:Initializing Random Forest Classifier
2020-10-01 19:31:59,807:INFO:Initializing Fold 1
2020-10-01 19:31:59,809:INFO:Total runtime is 0.4247348189353945 minutes
2020-10-01 19:31:59,828:INFO:Fitting Model
2020-10-01 19:32:00,058:INFO:Evaluating Metrics
2020-10-01 19:32:00,292:INFO:Compiling Metrics
2020-10-01 19:32:00,302:INFO:Initializing Fold 2
2020-10-01 19:32:00,303:INFO:Total runtime is 0.4329677184422813 minutes
2020-10-01 19:32:00,319:INFO:Fitting Model
2020-10-01 19:32:00,547:INFO:Evaluating Metrics
2020-10-01 19:32:00,787:INFO:Compiling Metrics
2020-10-01 19:32:00,797:INFO:Initializing Fold 3
2020-10-01 19:32:00,798:INFO:Total runtime is 0.4412162025769554 minutes
2020-10-01 19:32:00,813:INFO:Fitting Model
2020-10-01 19:32:01,036:INFO:Evaluating Metrics
2020-10-01 19:32:01,271:INFO:Compiling Metrics
2020-10-01 19:32:01,280:INFO:Initializing Fold 4
2020-10-01 19:32:01,282:INFO:Total runtime is 0.4492810169855756 minutes
2020-10-01 19:32:01,298:INFO:Fitting Model
2020-10-01 19:32:01,521:INFO:Evaluating Metrics
2020-10-01 19:32:01,760:INFO:Compiling Metrics
2020-10-01 19:32:01,769:INFO:Initializing Fold 5
2020-10-01 19:32:01,771:INFO:Total runtime is 0.4574326833089195 minutes
2020-10-01 19:32:01,787:INFO:Fitting Model
2020-10-01 19:32:02,019:INFO:Evaluating Metrics
2020-10-01 19:32:02,251:INFO:Compiling Metrics
2020-10-01 19:32:02,263:INFO:Initializing Fold 6
2020-10-01 19:32:02,264:INFO:Total runtime is 0.4656552036603294 minutes
2020-10-01 19:32:02,280:INFO:Fitting Model
2020-10-01 19:32:02,508:INFO:Evaluating Metrics
2020-10-01 19:32:02,749:INFO:Compiling Metrics
2020-10-01 19:32:02,759:INFO:Initializing Fold 7
2020-10-01 19:32:02,759:INFO:Total runtime is 0.47391262054443384 minutes
2020-10-01 19:32:02,775:INFO:Fitting Model
2020-10-01 19:32:02,995:INFO:Evaluating Metrics
2020-10-01 19:32:03,235:INFO:Compiling Metrics
2020-10-01 19:32:03,245:INFO:Initializing Fold 8
2020-10-01 19:32:03,246:INFO:Total runtime is 0.4820224841435753 minutes
2020-10-01 19:32:03,262:INFO:Fitting Model
2020-10-01 19:32:03,481:INFO:Evaluating Metrics
2020-10-01 19:32:03,717:INFO:Compiling Metrics
2020-10-01 19:32:03,727:INFO:Initializing Fold 9
2020-10-01 19:32:03,728:INFO:Total runtime is 0.49006146589914984 minutes
2020-10-01 19:32:03,745:INFO:Fitting Model
2020-10-01 19:32:03,970:INFO:Evaluating Metrics
2020-10-01 19:32:04,202:INFO:Compiling Metrics
2020-10-01 19:32:04,212:INFO:Initializing Fold 10
2020-10-01 19:32:04,213:INFO:Total runtime is 0.4981359203656517 minutes
2020-10-01 19:32:04,228:INFO:Fitting Model
2020-10-01 19:32:04,453:INFO:Evaluating Metrics
2020-10-01 19:32:04,688:INFO:Compiling Metrics
2020-10-01 19:32:04,698:INFO:Calculating mean and std
2020-10-01 19:32:04,699:INFO:Creating metrics dataframe
2020-10-01 19:32:04,719:INFO:Initializing Quadratic Discriminant Analysis
2020-10-01 19:32:04,731:INFO:Initializing Fold 1
2020-10-01 19:32:04,732:INFO:Total runtime is 0.5067936340967817 minutes
2020-10-01 19:32:04,748:INFO:Fitting Model
2020-10-01 19:32:04,882:INFO:Evaluating Metrics
2020-10-01 19:32:04,903:INFO:Compiling Metrics
2020-10-01 19:32:04,917:INFO:Initializing Fold 2
2020-10-01 19:32:04,918:INFO:Total runtime is 0.509894120693207 minutes
2020-10-01 19:32:04,937:INFO:Fitting Model
2020-10-01 19:32:05,014:INFO:Evaluating Metrics
2020-10-01 19:32:05,033:INFO:Compiling Metrics
2020-10-01 19:32:05,043:INFO:Initializing Fold 3
2020-10-01 19:32:05,045:INFO:Total runtime is 0.5119991858800255 minutes
2020-10-01 19:32:05,062:INFO:Fitting Model
2020-10-01 19:32:05,143:INFO:Evaluating Metrics
2020-10-01 19:32:05,162:INFO:Compiling Metrics
2020-10-01 19:32:05,176:INFO:Initializing Fold 4
2020-10-01 19:32:05,177:INFO:Total runtime is 0.514211150010427 minutes
2020-10-01 19:32:05,194:INFO:Fitting Model
2020-10-01 19:32:05,267:INFO:Evaluating Metrics
2020-10-01 19:32:05,285:INFO:Compiling Metrics
2020-10-01 19:32:05,296:INFO:Initializing Fold 5
2020-10-01 19:32:05,297:INFO:Total runtime is 0.5162063678105674 minutes
2020-10-01 19:32:05,315:INFO:Fitting Model
2020-10-01 19:32:05,391:INFO:Evaluating Metrics
2020-10-01 19:32:05,409:INFO:Compiling Metrics
2020-10-01 19:32:05,419:INFO:Initializing Fold 6
2020-10-01 19:32:05,420:INFO:Total runtime is 0.5182569344838462 minutes
2020-10-01 19:32:05,440:INFO:Fitting Model
2020-10-01 19:32:05,513:INFO:Evaluating Metrics
2020-10-01 19:32:05,531:INFO:Compiling Metrics
2020-10-01 19:32:05,542:INFO:Initializing Fold 7
2020-10-01 19:32:05,543:INFO:Total runtime is 0.5202971339225771 minutes
2020-10-01 19:32:05,563:INFO:Fitting Model
2020-10-01 19:32:05,634:INFO:Evaluating Metrics
2020-10-01 19:32:05,653:INFO:Compiling Metrics
2020-10-01 19:32:05,663:INFO:Initializing Fold 8
2020-10-01 19:32:05,664:INFO:Total runtime is 0.5223253687222801 minutes
2020-10-01 19:32:05,683:INFO:Fitting Model
2020-10-01 19:32:05,758:INFO:Evaluating Metrics
2020-10-01 19:32:05,786:INFO:Compiling Metrics
2020-10-01 19:32:05,797:INFO:Initializing Fold 9
2020-10-01 19:32:05,798:INFO:Total runtime is 0.5245586514472964 minutes
2020-10-01 19:32:05,816:INFO:Fitting Model
2020-10-01 19:32:05,893:INFO:Evaluating Metrics
2020-10-01 19:32:05,911:INFO:Compiling Metrics
2020-10-01 19:32:05,922:INFO:Initializing Fold 10
2020-10-01 19:32:05,923:INFO:Total runtime is 0.5266415993372602 minutes
2020-10-01 19:32:05,942:INFO:Fitting Model
2020-10-01 19:32:06,020:INFO:Evaluating Metrics
2020-10-01 19:32:06,039:INFO:Compiling Metrics
2020-10-01 19:32:06,049:INFO:Calculating mean and std
2020-10-01 19:32:06,049:INFO:Creating metrics dataframe
2020-10-01 19:32:06,073:INFO:Initializing Ada Boost Classifier
2020-10-01 19:32:06,091:INFO:Initializing Fold 1
2020-10-01 19:32:06,092:INFO:Total runtime is 0.5294625679651899 minutes
2020-10-01 19:32:06,120:INFO:Fitting Model
2020-10-01 19:32:07,720:INFO:Evaluating Metrics
2020-10-01 19:32:07,788:INFO:Compiling Metrics
2020-10-01 19:32:07,798:INFO:Initializing Fold 2
2020-10-01 19:32:07,799:INFO:Total runtime is 0.5579025030136111 minutes
2020-10-01 19:32:07,814:INFO:Fitting Model
2020-10-01 19:32:09,380:INFO:Evaluating Metrics
2020-10-01 19:32:09,449:INFO:Compiling Metrics
2020-10-01 19:32:09,459:INFO:Initializing Fold 3
2020-10-01 19:32:09,460:INFO:Total runtime is 0.5855889479319257 minutes
2020-10-01 19:32:09,476:INFO:Fitting Model
2020-10-01 19:32:10,997:INFO:Evaluating Metrics
2020-10-01 19:32:11,066:INFO:Compiling Metrics
2020-10-01 19:32:11,076:INFO:Initializing Fold 4
2020-10-01 19:32:11,077:INFO:Total runtime is 0.6125378529230756 minutes
2020-10-01 19:32:11,093:INFO:Fitting Model
2020-10-01 19:32:12,632:INFO:Evaluating Metrics
2020-10-01 19:32:12,707:INFO:Compiling Metrics
2020-10-01 19:32:12,717:INFO:Initializing Fold 5
2020-10-01 19:32:12,718:INFO:Total runtime is 0.6398868838946027 minutes
2020-10-01 19:32:12,734:INFO:Fitting Model
2020-10-01 19:32:14,258:INFO:Evaluating Metrics
2020-10-01 19:32:14,328:INFO:Compiling Metrics
2020-10-01 19:32:14,338:INFO:Initializing Fold 6
2020-10-01 19:32:14,340:INFO:Total runtime is 0.6669137994448346 minutes
2020-10-01 19:32:14,356:INFO:Fitting Model
2020-10-01 19:32:15,899:INFO:Evaluating Metrics
2020-10-01 19:32:15,968:INFO:Compiling Metrics
2020-10-01 19:32:15,978:INFO:Initializing Fold 7
2020-10-01 19:32:15,979:INFO:Total runtime is 0.6942434867223106 minutes
2020-10-01 19:32:15,996:INFO:Fitting Model
2020-10-01 19:32:17,516:INFO:Evaluating Metrics
2020-10-01 19:32:17,584:INFO:Compiling Metrics
2020-10-01 19:32:17,594:INFO:Initializing Fold 8
2020-10-01 19:32:17,596:INFO:Total runtime is 0.7211801330248517 minutes
2020-10-01 19:32:17,611:INFO:Fitting Model
2020-10-01 19:32:19,146:INFO:Evaluating Metrics
2020-10-01 19:32:19,221:INFO:Compiling Metrics
2020-10-01 19:32:19,233:INFO:Initializing Fold 9
2020-10-01 19:32:19,234:INFO:Total runtime is 0.7484886209170026 minutes
2020-10-01 19:32:19,249:INFO:Fitting Model
2020-10-01 19:32:20,768:INFO:Evaluating Metrics
2020-10-01 19:32:20,841:INFO:Compiling Metrics
2020-10-01 19:32:20,851:INFO:Initializing Fold 10
2020-10-01 19:32:20,852:INFO:Total runtime is 0.7754619201024376 minutes
2020-10-01 19:32:20,868:INFO:Fitting Model
2020-10-01 19:32:22,404:INFO:Evaluating Metrics
2020-10-01 19:32:22,475:INFO:Compiling Metrics
2020-10-01 19:32:22,485:INFO:Calculating mean and std
2020-10-01 19:32:22,486:INFO:Creating metrics dataframe
2020-10-01 19:32:22,503:INFO:Initializing Gradient Boosting Classifier
2020-10-01 19:32:22,520:INFO:Initializing Fold 1
2020-10-01 19:32:22,522:INFO:Total runtime is 0.8032898028691613 minutes
2020-10-01 19:32:22,547:INFO:Fitting Model
2020-10-01 19:32:28,749:INFO:Evaluating Metrics
2020-10-01 19:32:28,770:INFO:Compiling Metrics
2020-10-01 19:32:28,781:INFO:Initializing Fold 2
2020-10-01 19:32:28,782:INFO:Total runtime is 0.9076226512591048 minutes
2020-10-01 19:32:28,800:INFO:Fitting Model
2020-10-01 19:32:34,931:INFO:Evaluating Metrics
2020-10-01 19:32:34,951:INFO:Compiling Metrics
2020-10-01 19:32:34,961:INFO:Initializing Fold 3
2020-10-01 19:32:34,962:INFO:Total runtime is 1.0106138030687972 minutes
2020-10-01 19:32:34,982:INFO:Fitting Model
2020-10-01 19:32:41,139:INFO:Evaluating Metrics
2020-10-01 19:32:41,159:INFO:Compiling Metrics
2020-10-01 19:32:41,169:INFO:Initializing Fold 4
2020-10-01 19:32:41,170:INFO:Total runtime is 1.1140951871871954 minutes
2020-10-01 19:32:41,191:INFO:Fitting Model
2020-10-01 19:32:47,337:INFO:Evaluating Metrics
2020-10-01 19:32:47,356:INFO:Compiling Metrics
2020-10-01 19:32:47,366:INFO:Initializing Fold 5
2020-10-01 19:32:47,367:INFO:Total runtime is 1.2173733353614813 minutes
2020-10-01 19:32:47,388:INFO:Fitting Model
2020-10-01 19:32:53,566:INFO:Evaluating Metrics
2020-10-01 19:32:53,586:INFO:Compiling Metrics
2020-10-01 19:32:53,596:INFO:Initializing Fold 6
2020-10-01 19:32:53,597:INFO:Total runtime is 1.321203784147899 minutes
2020-10-01 19:32:53,617:INFO:Fitting Model
2020-10-01 19:32:59,839:INFO:Evaluating Metrics
2020-10-01 19:32:59,859:INFO:Compiling Metrics
2020-10-01 19:32:59,870:INFO:Initializing Fold 7
2020-10-01 19:32:59,871:INFO:Total runtime is 1.4257682522137967 minutes
2020-10-01 19:32:59,891:INFO:Fitting Model
2020-10-01 19:33:06,108:INFO:Evaluating Metrics
2020-10-01 19:33:06,128:INFO:Compiling Metrics
2020-10-01 19:33:06,138:INFO:Initializing Fold 8
2020-10-01 19:33:06,139:INFO:Total runtime is 1.5302398006121325 minutes
2020-10-01 19:33:06,159:INFO:Fitting Model
2020-10-01 19:33:12,332:INFO:Evaluating Metrics
2020-10-01 19:33:12,352:INFO:Compiling Metrics
2020-10-01 19:33:12,363:INFO:Initializing Fold 9
2020-10-01 19:33:12,363:INFO:Total runtime is 1.6339780807495126 minutes
2020-10-01 19:33:12,383:INFO:Fitting Model
2020-10-01 19:33:18,530:INFO:Evaluating Metrics
2020-10-01 19:33:18,549:INFO:Compiling Metrics
2020-10-01 19:33:18,559:INFO:Initializing Fold 10
2020-10-01 19:33:18,560:INFO:Total runtime is 1.7372586170832325 minutes
2020-10-01 19:33:18,581:INFO:Fitting Model
2020-10-01 19:33:24,746:INFO:Evaluating Metrics
2020-10-01 19:33:24,766:INFO:Compiling Metrics
2020-10-01 19:33:24,775:INFO:Calculating mean and std
2020-10-01 19:33:24,776:INFO:Creating metrics dataframe
2020-10-01 19:33:24,798:INFO:Initializing Linear Discriminant Analysis
2020-10-01 19:33:24,811:INFO:Initializing Fold 1
2020-10-01 19:33:24,812:INFO:Total runtime is 1.8414487679799407 minutes
2020-10-01 19:33:24,833:INFO:Fitting Model
2020-10-01 19:33:25,082:INFO:Evaluating Metrics
2020-10-01 19:33:25,095:INFO:Compiling Metrics
2020-10-01 19:33:25,106:INFO:Initializing Fold 2
2020-10-01 19:33:25,107:INFO:Total runtime is 1.8463722149531057 minutes
2020-10-01 19:33:25,125:INFO:Fitting Model
2020-10-01 19:33:25,362:INFO:Evaluating Metrics
2020-10-01 19:33:25,376:INFO:Compiling Metrics
2020-10-01 19:33:25,387:INFO:Initializing Fold 3
2020-10-01 19:33:25,388:INFO:Total runtime is 1.8510554313659677 minutes
2020-10-01 19:33:25,406:INFO:Fitting Model
2020-10-01 19:33:25,633:INFO:Evaluating Metrics
2020-10-01 19:33:25,646:INFO:Compiling Metrics
2020-10-01 19:33:25,656:INFO:Initializing Fold 4
2020-10-01 19:33:25,657:INFO:Total runtime is 1.855545449256898 minutes
2020-10-01 19:33:25,674:INFO:Fitting Model
2020-10-01 19:33:25,901:INFO:Evaluating Metrics
2020-10-01 19:33:25,924:INFO:Compiling Metrics
2020-10-01 19:33:25,937:INFO:Initializing Fold 5
2020-10-01 19:33:25,939:INFO:Total runtime is 1.860231832663219 minutes
2020-10-01 19:33:25,959:INFO:Fitting Model
2020-10-01 19:33:26,190:INFO:Evaluating Metrics
2020-10-01 19:33:26,205:INFO:Compiling Metrics
2020-10-01 19:33:26,216:INFO:Initializing Fold 6
2020-10-01 19:33:26,217:INFO:Total runtime is 1.8648662209510811 minutes
2020-10-01 19:33:26,232:INFO:Fitting Model
2020-10-01 19:33:26,455:INFO:Evaluating Metrics
2020-10-01 19:33:26,468:INFO:Compiling Metrics
2020-10-01 19:33:26,478:INFO:Initializing Fold 7
2020-10-01 19:33:26,479:INFO:Total runtime is 1.8692460854848234 minutes
2020-10-01 19:33:26,497:INFO:Fitting Model
2020-10-01 19:33:26,726:INFO:Evaluating Metrics
2020-10-01 19:33:26,739:INFO:Compiling Metrics
2020-10-01 19:33:26,750:INFO:Initializing Fold 8
2020-10-01 19:33:26,752:INFO:Total runtime is 1.8737802505493173 minutes
2020-10-01 19:33:26,769:INFO:Fitting Model
2020-10-01 19:33:26,984:INFO:Evaluating Metrics
2020-10-01 19:33:26,997:INFO:Compiling Metrics
2020-10-01 19:33:27,007:INFO:Initializing Fold 9
2020-10-01 19:33:27,009:INFO:Total runtime is 1.8780634999275216 minutes
2020-10-01 19:33:27,026:INFO:Fitting Model
2020-10-01 19:33:27,250:INFO:Evaluating Metrics
2020-10-01 19:33:27,263:INFO:Compiling Metrics
2020-10-01 19:33:27,273:INFO:Initializing Fold 10
2020-10-01 19:33:27,274:INFO:Total runtime is 1.8824902017911285 minutes
2020-10-01 19:33:27,291:INFO:Fitting Model
2020-10-01 19:33:27,515:INFO:Evaluating Metrics
2020-10-01 19:33:27,529:INFO:Compiling Metrics
2020-10-01 19:33:27,539:INFO:Calculating mean and std
2020-10-01 19:33:27,540:INFO:Creating metrics dataframe
2020-10-01 19:33:27,565:INFO:Initializing Extra Trees Classifier
2020-10-01 19:33:27,582:INFO:Initializing Fold 1
2020-10-01 19:33:27,583:INFO:Total runtime is 1.8876446843147288 minutes
2020-10-01 19:33:27,607:INFO:Fitting Model
2020-10-01 19:33:28,908:INFO:Evaluating Metrics
2020-10-01 19:33:29,146:INFO:Compiling Metrics
2020-10-01 19:33:29,155:INFO:Initializing Fold 2
2020-10-01 19:33:29,156:INFO:Total runtime is 1.913854451974234 minutes
2020-10-01 19:33:29,171:INFO:Fitting Model
2020-10-01 19:33:30,471:INFO:Evaluating Metrics
2020-10-01 19:33:30,711:INFO:Compiling Metrics
2020-10-01 19:33:30,721:INFO:Initializing Fold 3
2020-10-01 19:33:30,722:INFO:Total runtime is 1.9399508198102324 minutes
2020-10-01 19:33:30,737:INFO:Fitting Model
2020-10-01 19:33:32,054:INFO:Evaluating Metrics
2020-10-01 19:33:32,292:INFO:Compiling Metrics
2020-10-01 19:33:32,302:INFO:Initializing Fold 4
2020-10-01 19:33:32,303:INFO:Total runtime is 1.9663085023562124 minutes
2020-10-01 19:33:32,319:INFO:Fitting Model
2020-10-01 19:33:33,629:INFO:Evaluating Metrics
2020-10-01 19:33:33,866:INFO:Compiling Metrics
2020-10-01 19:33:33,876:INFO:Initializing Fold 5
2020-10-01 19:33:33,877:INFO:Total runtime is 1.992540951569876 minutes
2020-10-01 19:33:33,892:INFO:Fitting Model
2020-10-01 19:33:35,195:INFO:Evaluating Metrics
2020-10-01 19:33:35,436:INFO:Compiling Metrics
2020-10-01 19:33:35,446:INFO:Initializing Fold 6
2020-10-01 19:33:35,447:INFO:Total runtime is 2.0186983187993377 minutes
2020-10-01 19:33:35,463:INFO:Fitting Model
2020-10-01 19:33:36,758:INFO:Evaluating Metrics
2020-10-01 19:33:36,999:INFO:Compiling Metrics
2020-10-01 19:33:37,009:INFO:Initializing Fold 7
2020-10-01 19:33:37,010:INFO:Total runtime is 2.0447567383448293 minutes
2020-10-01 19:33:37,026:INFO:Fitting Model
2020-10-01 19:33:38,462:INFO:Evaluating Metrics
2020-10-01 19:33:38,690:INFO:Compiling Metrics
2020-10-01 19:33:38,702:INFO:Initializing Fold 8
2020-10-01 19:33:38,703:INFO:Total runtime is 2.072970267136893 minutes
2020-10-01 19:33:38,719:INFO:Fitting Model
2020-10-01 19:33:40,138:INFO:Evaluating Metrics
2020-10-01 19:33:40,376:INFO:Compiling Metrics
2020-10-01 19:33:40,386:INFO:Initializing Fold 9
2020-10-01 19:33:40,387:INFO:Total runtime is 2.1010436375935884 minutes
2020-10-01 19:33:40,404:INFO:Fitting Model
2020-10-01 19:33:41,716:INFO:Evaluating Metrics
2020-10-01 19:33:41,957:INFO:Compiling Metrics
2020-10-01 19:33:41,967:INFO:Initializing Fold 10
2020-10-01 19:33:41,968:INFO:Total runtime is 2.1273834149042776 minutes
2020-10-01 19:33:41,983:INFO:Fitting Model
2020-10-01 19:33:43,303:INFO:Evaluating Metrics
2020-10-01 19:33:43,542:INFO:Compiling Metrics
2020-10-01 19:33:43,552:INFO:Calculating mean and std
2020-10-01 19:33:43,553:INFO:Creating metrics dataframe
2020-10-01 19:33:43,574:INFO:Initializing Extreme Gradient Boosting
2020-10-01 19:33:43,588:INFO:Initializing Fold 1
2020-10-01 19:33:43,589:INFO:Total runtime is 2.1544055501619988 minutes
2020-10-01 19:33:43,606:INFO:Fitting Model
2020-10-01 19:33:51,910:INFO:Evaluating Metrics
2020-10-01 19:33:51,942:INFO:Compiling Metrics
2020-10-01 19:33:51,953:INFO:Initializing Fold 2
2020-10-01 19:33:51,954:INFO:Total runtime is 2.2938213507334404 minutes
2020-10-01 19:33:51,971:INFO:Fitting Model
2020-10-01 19:34:00,090:INFO:Evaluating Metrics
2020-10-01 19:34:00,123:INFO:Compiling Metrics
2020-10-01 19:34:00,133:INFO:Initializing Fold 3
2020-10-01 19:34:00,134:INFO:Total runtime is 2.4301586985588086 minutes
2020-10-01 19:34:00,150:INFO:Fitting Model
2020-10-01 19:34:08,400:INFO:Evaluating Metrics
2020-10-01 19:34:08,435:INFO:Compiling Metrics
2020-10-01 19:34:08,444:INFO:Initializing Fold 4
2020-10-01 19:34:08,446:INFO:Total runtime is 2.5686818997065237 minutes
2020-10-01 19:34:08,461:INFO:Fitting Model
2020-10-01 19:34:16,975:INFO:Evaluating Metrics
2020-10-01 19:34:17,008:INFO:Compiling Metrics
2020-10-01 19:34:17,018:INFO:Initializing Fold 5
2020-10-01 19:34:17,019:INFO:Total runtime is 2.711567536989849 minutes
2020-10-01 19:34:17,034:INFO:Fitting Model
2020-10-01 19:34:25,272:INFO:Evaluating Metrics
2020-10-01 19:34:25,305:INFO:Compiling Metrics
2020-10-01 19:34:25,314:INFO:Initializing Fold 6
2020-10-01 19:34:25,315:INFO:Total runtime is 2.849845349788667 minutes
2020-10-01 19:34:25,332:INFO:Fitting Model
2020-10-01 19:34:33,412:INFO:Evaluating Metrics
2020-10-01 19:34:33,444:INFO:Compiling Metrics
2020-10-01 19:34:33,455:INFO:Initializing Fold 7
2020-10-01 19:34:33,456:INFO:Total runtime is 2.9855210502942415 minutes
2020-10-01 19:34:33,471:INFO:Fitting Model
2020-10-01 19:34:41,549:INFO:Evaluating Metrics
2020-10-01 19:34:41,582:INFO:Compiling Metrics
2020-10-01 19:34:41,591:INFO:Initializing Fold 8
2020-10-01 19:34:41,592:INFO:Total runtime is 3.1211261034011852 minutes
2020-10-01 19:34:41,609:INFO:Fitting Model
2020-10-01 19:34:49,794:INFO:Evaluating Metrics
2020-10-01 19:34:49,826:INFO:Compiling Metrics
2020-10-01 19:34:49,836:INFO:Initializing Fold 9
2020-10-01 19:34:49,837:INFO:Total runtime is 3.258539084593456 minutes
2020-10-01 19:34:49,853:INFO:Fitting Model
2020-10-01 19:34:58,086:INFO:Evaluating Metrics
2020-10-01 19:34:58,119:INFO:Compiling Metrics
2020-10-01 19:34:58,129:INFO:Initializing Fold 10
2020-10-01 19:34:58,130:INFO:Total runtime is 3.3967544674873364 minutes
2020-10-01 19:34:58,146:INFO:Fitting Model
2020-10-01 19:35:06,326:INFO:Evaluating Metrics
2020-10-01 19:35:06,359:INFO:Compiling Metrics
2020-10-01 19:35:06,368:INFO:Calculating mean and std
2020-10-01 19:35:06,369:INFO:Creating metrics dataframe
2020-10-01 19:35:06,392:INFO:Initializing Light Gradient Boosting Machine
2020-10-01 19:35:06,403:INFO:Initializing Fold 1
2020-10-01 19:35:06,404:INFO:Total runtime is 3.534656333923341 minutes
2020-10-01 19:35:06,417:INFO:Fitting Model
2020-10-01 19:35:06,787:INFO:Evaluating Metrics
2020-10-01 19:35:06,839:INFO:Compiling Metrics
2020-10-01 19:35:06,850:INFO:Initializing Fold 2
2020-10-01 19:35:06,851:INFO:Total runtime is 3.5420971353848785 minutes
2020-10-01 19:35:06,871:INFO:Fitting Model
2020-10-01 19:35:07,214:INFO:Evaluating Metrics
2020-10-01 19:35:07,264:INFO:Compiling Metrics
2020-10-01 19:35:07,274:INFO:Initializing Fold 3
2020-10-01 19:35:07,275:INFO:Total runtime is 3.549166218439739 minutes
2020-10-01 19:35:07,293:INFO:Fitting Model
2020-10-01 19:35:07,632:INFO:Evaluating Metrics
2020-10-01 19:35:07,680:INFO:Compiling Metrics
2020-10-01 19:35:07,691:INFO:Initializing Fold 4
2020-10-01 19:35:07,692:INFO:Total runtime is 3.5561141848564155 minutes
2020-10-01 19:35:07,710:INFO:Fitting Model
2020-10-01 19:35:08,051:INFO:Evaluating Metrics
2020-10-01 19:35:08,099:INFO:Compiling Metrics
2020-10-01 19:35:08,109:INFO:Initializing Fold 5
2020-10-01 19:35:08,110:INFO:Total runtime is 3.563083469867707 minutes
2020-10-01 19:35:08,129:INFO:Fitting Model
2020-10-01 19:35:08,473:INFO:Evaluating Metrics
2020-10-01 19:35:08,520:INFO:Compiling Metrics
2020-10-01 19:35:08,530:INFO:Initializing Fold 6
2020-10-01 19:35:08,532:INFO:Total runtime is 3.5701177676518765 minutes
2020-10-01 19:35:08,552:INFO:Fitting Model
2020-10-01 19:35:08,893:INFO:Evaluating Metrics
2020-10-01 19:35:08,938:INFO:Compiling Metrics
2020-10-01 19:35:08,948:INFO:Initializing Fold 7
2020-10-01 19:35:08,949:INFO:Total runtime is 3.5770784695943205 minutes
2020-10-01 19:35:08,968:INFO:Fitting Model
2020-10-01 19:35:09,311:INFO:Evaluating Metrics
2020-10-01 19:35:09,359:INFO:Compiling Metrics
2020-10-01 19:35:09,370:INFO:Initializing Fold 8
2020-10-01 19:35:09,371:INFO:Total runtime is 3.584097949663799 minutes
2020-10-01 19:35:09,391:INFO:Fitting Model
2020-10-01 19:35:09,731:INFO:Evaluating Metrics
2020-10-01 19:35:09,777:INFO:Compiling Metrics
2020-10-01 19:35:09,787:INFO:Initializing Fold 9
2020-10-01 19:35:09,788:INFO:Total runtime is 3.5910497506459564 minutes
2020-10-01 19:35:09,812:INFO:Fitting Model
2020-10-01 19:35:10,156:INFO:Evaluating Metrics
2020-10-01 19:35:10,203:INFO:Compiling Metrics
2020-10-01 19:35:10,213:INFO:Initializing Fold 10
2020-10-01 19:35:10,214:INFO:Total runtime is 3.598159118493399 minutes
2020-10-01 19:35:10,233:INFO:Fitting Model
2020-10-01 19:35:10,572:INFO:Evaluating Metrics
2020-10-01 19:35:10,620:INFO:Compiling Metrics
2020-10-01 19:35:10,630:INFO:Calculating mean and std
2020-10-01 19:35:10,630:INFO:Creating metrics dataframe
2020-10-01 19:35:10,653:INFO:Initializing CatBoost Classifier
2020-10-01 19:35:10,667:INFO:Initializing Fold 1
2020-10-01 19:35:10,668:INFO:Total runtime is 3.6057196497917183 minutes
2020-10-01 19:35:10,688:INFO:Fitting Model
2020-10-01 19:35:23,955:INFO:Evaluating Metrics
2020-10-01 19:35:23,977:INFO:Compiling Metrics
2020-10-01 19:35:23,986:INFO:Initializing Fold 2
2020-10-01 19:35:23,988:INFO:Total runtime is 3.8277127186457323 minutes
2020-10-01 19:35:24,008:INFO:Fitting Model
2020-10-01 19:35:37,486:INFO:Evaluating Metrics
2020-10-01 19:35:37,508:INFO:Compiling Metrics
2020-10-01 19:35:37,517:INFO:Initializing Fold 3
2020-10-01 19:35:37,518:INFO:Total runtime is 4.053225731849671 minutes
2020-10-01 19:35:37,539:INFO:Fitting Model
2020-10-01 19:35:51,045:INFO:Evaluating Metrics
2020-10-01 19:35:51,065:INFO:Compiling Metrics
2020-10-01 19:35:51,075:INFO:Initializing Fold 4
2020-10-01 19:35:51,076:INFO:Total runtime is 4.279196333885193 minutes
2020-10-01 19:35:51,097:INFO:Fitting Model
2020-10-01 19:36:05,056:INFO:Evaluating Metrics
2020-10-01 19:36:05,077:INFO:Compiling Metrics
2020-10-01 19:36:05,087:INFO:Initializing Fold 5
2020-10-01 19:36:05,088:INFO:Total runtime is 4.512728254000346 minutes
2020-10-01 19:36:05,108:INFO:Fitting Model
2020-10-01 19:36:19,838:INFO:Evaluating Metrics
2020-10-01 19:36:19,860:INFO:Compiling Metrics
2020-10-01 19:36:19,870:INFO:Initializing Fold 6
2020-10-01 19:36:19,871:INFO:Total runtime is 4.759107486406962 minutes
2020-10-01 19:36:19,889:INFO:Fitting Model
2020-10-01 19:36:35,208:INFO:Evaluating Metrics
2020-10-01 19:36:35,235:INFO:Compiling Metrics
2020-10-01 19:36:35,246:INFO:Initializing Fold 7
2020-10-01 19:36:35,247:INFO:Total runtime is 5.015373369057973 minutes
2020-10-01 19:36:35,269:INFO:Fitting Model
2020-10-01 19:36:48,845:INFO:Evaluating Metrics
2020-10-01 19:36:48,866:INFO:Compiling Metrics
2020-10-01 19:36:48,875:INFO:Initializing Fold 8
2020-10-01 19:36:48,876:INFO:Total runtime is 5.242525736490885 minutes
2020-10-01 19:36:48,893:INFO:Fitting Model
2020-10-01 19:37:03,826:INFO:Evaluating Metrics
2020-10-01 19:37:03,852:INFO:Compiling Metrics
2020-10-01 19:37:03,864:INFO:Initializing Fold 9
2020-10-01 19:37:03,865:INFO:Total runtime is 5.492338752746582 minutes
2020-10-01 19:37:03,887:INFO:Fitting Model
2020-10-01 19:37:17,870:INFO:Evaluating Metrics
2020-10-01 19:37:17,892:INFO:Compiling Metrics
2020-10-01 19:37:17,903:INFO:Initializing Fold 10
2020-10-01 19:37:17,904:INFO:Total runtime is 5.726313451925913 minutes
2020-10-01 19:37:17,921:INFO:Fitting Model
2020-10-01 19:37:35,324:INFO:Evaluating Metrics
2020-10-01 19:37:35,351:INFO:Compiling Metrics
2020-10-01 19:37:35,368:INFO:Calculating mean and std
2020-10-01 19:37:35,369:INFO:Creating metrics dataframe
2020-10-01 19:37:35,431:INFO:Finalizing top_n models
2020-10-01 19:37:35,431:INFO:SubProcess create_model() called ==================================
2020-10-01 19:37:35,447:INFO:Initializing create_model()
2020-10-01 19:37:35,447:INFO:create_model(estimator=lda, ensemble=False, method=None, fold=10, round=4, cross_validation=True, verbose=False, system=False)
2020-10-01 19:37:35,447:INFO:Checking exceptions
2020-10-01 19:37:35,447:INFO:Preloading libraries
2020-10-01 19:37:35,447:INFO:Preparing display monitor
2020-10-01 19:37:35,485:INFO:Copying training dataset
2020-10-01 19:37:35,503:INFO:Importing libraries
2020-10-01 19:37:35,504:INFO:Defining folds
2020-10-01 19:37:35,505:INFO:Declaring metric variables
2020-10-01 19:37:35,506:INFO:Importing untrained model
2020-10-01 19:37:35,506:INFO:Linear Discriminant Analysis Imported succesfully
2020-10-01 19:37:35,508:INFO:Checking ensemble method
2020-10-01 19:37:35,513:INFO:Initializing Fold 1
2020-10-01 19:37:35,529:INFO:Fitting Model
2020-10-01 19:37:35,790:INFO:Evaluating Metrics
2020-10-01 19:37:35,804:INFO:Compiling Metrics
2020-10-01 19:37:35,817:INFO:Initializing Fold 2
2020-10-01 19:37:35,823:INFO:Fitting Model
2020-10-01 19:37:36,043:INFO:Evaluating Metrics
2020-10-01 19:37:36,057:INFO:Compiling Metrics
2020-10-01 19:37:36,067:INFO:Initializing Fold 3
2020-10-01 19:37:36,073:INFO:Fitting Model
2020-10-01 19:37:36,430:INFO:Evaluating Metrics
2020-10-01 19:37:36,448:INFO:Compiling Metrics
2020-10-01 19:37:36,460:INFO:Initializing Fold 4
2020-10-01 19:37:36,466:INFO:Fitting Model
2020-10-01 19:37:36,707:INFO:Evaluating Metrics
2020-10-01 19:37:36,720:INFO:Compiling Metrics
2020-10-01 19:37:36,730:INFO:Initializing Fold 5
2020-10-01 19:37:36,736:INFO:Fitting Model
2020-10-01 19:37:36,956:INFO:Evaluating Metrics
2020-10-01 19:37:36,974:INFO:Compiling Metrics
2020-10-01 19:37:36,986:INFO:Initializing Fold 6
2020-10-01 19:37:36,996:INFO:Fitting Model
2020-10-01 19:37:37,243:INFO:Evaluating Metrics
2020-10-01 19:37:37,257:INFO:Compiling Metrics
2020-10-01 19:37:37,267:INFO:Initializing Fold 7
2020-10-01 19:37:37,273:INFO:Fitting Model
2020-10-01 19:37:37,494:INFO:Evaluating Metrics
2020-10-01 19:37:37,508:INFO:Compiling Metrics
2020-10-01 19:37:37,519:INFO:Initializing Fold 8
2020-10-01 19:37:37,525:INFO:Fitting Model
2020-10-01 19:37:37,748:INFO:Evaluating Metrics
2020-10-01 19:37:37,777:INFO:Compiling Metrics
2020-10-01 19:37:37,796:INFO:Initializing Fold 9
2020-10-01 19:37:37,807:INFO:Fitting Model
2020-10-01 19:37:38,147:INFO:Evaluating Metrics
2020-10-01 19:37:38,161:INFO:Compiling Metrics
2020-10-01 19:37:38,171:INFO:Initializing Fold 10
2020-10-01 19:37:38,177:INFO:Fitting Model
2020-10-01 19:37:38,394:INFO:Evaluating Metrics
2020-10-01 19:37:38,407:INFO:Compiling Metrics
2020-10-01 19:37:38,417:INFO:Calculating mean and std
2020-10-01 19:37:38,419:INFO:Creating metrics dataframe
2020-10-01 19:37:38,425:INFO:Finalizing model
2020-10-01 19:37:38,711:INFO:Uploading results into container
2020-10-01 19:37:38,711:INFO:Uploading model into container now
2020-10-01 19:37:38,711:INFO:create_model_container: 1
2020-10-01 19:37:38,711:INFO:master_model_container: 1
2020-10-01 19:37:38,712:INFO:display_container: 1
2020-10-01 19:37:38,712:INFO:LinearDiscriminantAnalysis(n_components=None, priors=None, shrinkage=None,
                           solver='svd', store_covariance=False, tol=0.0001)
2020-10-01 19:37:38,712:INFO:create_model() succesfully completed......................................
2020-10-01 19:37:38,718:INFO:SubProcess create_model() end ==================================
2020-10-01 19:37:38,844:INFO:create_model_container: 1
2020-10-01 19:37:38,845:INFO:master_model_container: 1
2020-10-01 19:37:38,845:INFO:display_container: 2
2020-10-01 19:37:38,846:INFO:LinearDiscriminantAnalysis(n_components=None, priors=None, shrinkage=None,
                           solver='svd', store_covariance=False, tol=0.0001)
2020-10-01 19:37:38,846:INFO:compare_models() succesfully completed......................................
2020-10-01 19:41:40,701:INFO:Initializing create_model()
2020-10-01 19:41:40,701:INFO:create_model(estimator=lda, ensemble=False, method=None, fold=10, round=4, cross_validation=True, verbose=True, system=True)
2020-10-01 19:41:40,701:INFO:Checking exceptions
2020-10-01 19:41:40,702:INFO:Preloading libraries
2020-10-01 19:41:40,702:INFO:Preparing display monitor
2020-10-01 19:41:40,739:INFO:Copying training dataset
2020-10-01 19:41:40,752:INFO:Importing libraries
2020-10-01 19:41:40,754:INFO:Defining folds
2020-10-01 19:41:40,754:INFO:Declaring metric variables
2020-10-01 19:41:40,767:INFO:Importing untrained model
2020-10-01 19:41:40,767:INFO:Linear Discriminant Analysis Imported succesfully
2020-10-01 19:41:40,768:INFO:Checking ensemble method
2020-10-01 19:41:40,787:INFO:Initializing Fold 1
2020-10-01 19:41:40,812:INFO:Fitting Model
2020-10-01 19:41:41,150:INFO:Evaluating Metrics
2020-10-01 19:41:41,163:INFO:Compiling Metrics
2020-10-01 19:41:41,188:INFO:Initializing Fold 2
2020-10-01 19:41:41,207:INFO:Fitting Model
2020-10-01 19:41:41,439:INFO:Evaluating Metrics
2020-10-01 19:41:41,452:INFO:Compiling Metrics
2020-10-01 19:41:41,476:INFO:Initializing Fold 3
2020-10-01 19:41:41,493:INFO:Fitting Model
2020-10-01 19:41:41,715:INFO:Evaluating Metrics
2020-10-01 19:41:41,732:INFO:Compiling Metrics
2020-10-01 19:41:41,757:INFO:Initializing Fold 4
2020-10-01 19:41:41,773:INFO:Fitting Model
2020-10-01 19:41:41,996:INFO:Evaluating Metrics
2020-10-01 19:41:42,009:INFO:Compiling Metrics
2020-10-01 19:41:42,034:INFO:Initializing Fold 5
2020-10-01 19:41:42,051:INFO:Fitting Model
2020-10-01 19:41:42,278:INFO:Evaluating Metrics
2020-10-01 19:41:42,291:INFO:Compiling Metrics
2020-10-01 19:41:42,320:INFO:Initializing Fold 6
2020-10-01 19:41:42,336:INFO:Fitting Model
2020-10-01 19:41:42,561:INFO:Evaluating Metrics
2020-10-01 19:41:42,574:INFO:Compiling Metrics
2020-10-01 19:41:42,600:INFO:Initializing Fold 7
2020-10-01 19:41:42,621:INFO:Fitting Model
2020-10-01 19:41:42,865:INFO:Evaluating Metrics
2020-10-01 19:41:42,878:INFO:Compiling Metrics
2020-10-01 19:41:42,904:INFO:Initializing Fold 8
2020-10-01 19:41:42,917:INFO:Fitting Model
2020-10-01 19:41:43,142:INFO:Evaluating Metrics
2020-10-01 19:41:43,155:INFO:Compiling Metrics
2020-10-01 19:41:43,181:INFO:Initializing Fold 9
2020-10-01 19:41:43,198:INFO:Fitting Model
2020-10-01 19:41:43,427:INFO:Evaluating Metrics
2020-10-01 19:41:43,441:INFO:Compiling Metrics
2020-10-01 19:41:43,474:INFO:Initializing Fold 10
2020-10-01 19:41:43,491:INFO:Fitting Model
2020-10-01 19:41:43,714:INFO:Evaluating Metrics
2020-10-01 19:41:43,731:INFO:Compiling Metrics
2020-10-01 19:41:43,758:INFO:Calculating mean and std
2020-10-01 19:41:43,761:INFO:Creating metrics dataframe
2020-10-01 19:41:43,777:INFO:Finalizing model
2020-10-01 19:41:44,057:INFO:Uploading results into container
2020-10-01 19:41:44,057:INFO:Uploading model into container now
2020-10-01 19:41:44,107:INFO:create_model_container: 2
2020-10-01 19:41:44,107:INFO:master_model_container: 2
2020-10-01 19:41:44,108:INFO:display_container: 3
2020-10-01 19:41:44,108:INFO:LinearDiscriminantAnalysis(n_components=None, priors=None, shrinkage=None,
                           solver='svd', store_covariance=False, tol=0.0001)
2020-10-01 19:41:44,108:INFO:create_model() succesfully completed......................................
2020-10-01 19:43:29,659:INFO:Initializing tune_model()
2020-10-01 19:43:29,660:INFO:tune_model(estimator=LinearDiscriminantAnalysis(n_components=None, priors=None, shrinkage=None,
                           solver='svd', store_covariance=False, tol=0.0001), fold=10, round=4, n_iter=10, custom_grid=None, optimize=Accuracy, choose_better=False, verbose=True)
2020-10-01 19:43:29,661:INFO:Checking exceptions
2020-10-01 19:43:29,665:INFO:Preloading libraries
2020-10-01 19:43:29,665:INFO:Preparing display monitor
2020-10-01 19:43:29,699:INFO:Copying training dataset
2020-10-01 19:43:29,703:INFO:Creating estimator clone to inherit model parameters
2020-10-01 19:43:29,704:INFO:Importing libraries
2020-10-01 19:43:29,704:INFO:Checking base model
2020-10-01 19:43:29,704:INFO:Base model : Linear Discriminant Analysis
2020-10-01 19:43:29,706:INFO:Defining folds
2020-10-01 19:43:29,706:INFO:Declaring metric variables
2020-10-01 19:43:29,713:INFO:Defining Hyperparameters
2020-10-01 19:43:29,713:INFO:Initializing RandomizedSearchCV
2020-10-01 19:43:35,499:INFO:Random search completed
2020-10-01 19:43:35,514:INFO:Initializing Fold 1
2020-10-01 19:43:35,538:INFO:Fitting Model
2020-10-01 19:43:35,708:INFO:Evaluating Metrics
2020-10-01 19:43:35,721:INFO:Compiling Metrics
2020-10-01 19:43:35,749:INFO:Initializing Fold 2
2020-10-01 19:43:35,773:INFO:Fitting Model
2020-10-01 19:43:35,932:INFO:Evaluating Metrics
2020-10-01 19:43:35,945:INFO:Compiling Metrics
2020-10-01 19:43:35,972:INFO:Initializing Fold 3
2020-10-01 19:43:35,989:INFO:Fitting Model
2020-10-01 19:43:36,163:INFO:Evaluating Metrics
2020-10-01 19:43:36,176:INFO:Compiling Metrics
2020-10-01 19:43:36,214:INFO:Initializing Fold 4
2020-10-01 19:43:36,231:INFO:Fitting Model
2020-10-01 19:43:36,410:INFO:Evaluating Metrics
2020-10-01 19:43:36,430:INFO:Compiling Metrics
2020-10-01 19:43:36,461:INFO:Initializing Fold 5
2020-10-01 19:43:36,481:INFO:Fitting Model
2020-10-01 19:43:36,651:INFO:Evaluating Metrics
2020-10-01 19:43:36,664:INFO:Compiling Metrics
2020-10-01 19:43:36,695:INFO:Initializing Fold 6
2020-10-01 19:43:36,717:INFO:Fitting Model
2020-10-01 19:43:36,884:INFO:Evaluating Metrics
2020-10-01 19:43:36,897:INFO:Compiling Metrics
2020-10-01 19:43:36,929:INFO:Initializing Fold 7
2020-10-01 19:43:36,949:INFO:Fitting Model
2020-10-01 19:43:37,117:INFO:Evaluating Metrics
2020-10-01 19:43:37,131:INFO:Compiling Metrics
2020-10-01 19:43:37,159:INFO:Initializing Fold 8
2020-10-01 19:43:37,177:INFO:Fitting Model
2020-10-01 19:43:37,347:INFO:Evaluating Metrics
2020-10-01 19:43:37,361:INFO:Compiling Metrics
2020-10-01 19:43:37,390:INFO:Initializing Fold 9
2020-10-01 19:43:37,406:INFO:Fitting Model
2020-10-01 19:43:37,569:INFO:Evaluating Metrics
2020-10-01 19:43:37,583:INFO:Compiling Metrics
2020-10-01 19:43:37,611:INFO:Initializing Fold 10
2020-10-01 19:43:37,628:INFO:Fitting Model
2020-10-01 19:43:37,798:INFO:Evaluating Metrics
2020-10-01 19:43:37,811:INFO:Compiling Metrics
2020-10-01 19:43:37,847:INFO:Calculating mean and std
2020-10-01 19:43:37,848:INFO:Creating metrics dataframe
2020-10-01 19:43:37,867:INFO:Finalizing model
2020-10-01 19:43:38,053:INFO:Uploading results into container
2020-10-01 19:43:38,053:INFO:Uploading model into container
2020-10-01 19:43:38,116:INFO:create_model_container: 3
2020-10-01 19:43:38,116:INFO:master_model_container: 3
2020-10-01 19:43:38,116:INFO:display_container: 4
2020-10-01 19:43:38,117:INFO:LinearDiscriminantAnalysis(n_components=None, priors=None, shrinkage=0.0005,
                           solver='lsqr', store_covariance=False, tol=0.0001)
2020-10-01 19:43:38,117:INFO:tune_model() succesfully completed......................................
2020-10-01 19:44:32,846:INFO:Initializing plot_model()
2020-10-01 19:44:32,847:INFO:plot_model(estimator=LinearDiscriminantAnalysis(n_components=None, priors=None, shrinkage=None,
                           solver='svd', store_covariance=False, tol=0.0001), plot=auc, save=False, verbose=True, system=True)
2020-10-01 19:44:32,847:INFO:Checking exceptions
2020-10-01 19:44:32,852:INFO:Preloading libraries
2020-10-01 19:44:32,853:INFO:Preparing display monitor
2020-10-01 19:44:32,867:INFO:Importing libraries
2020-10-01 19:44:32,869:INFO:plot type: auc
2020-10-01 19:44:32,870:INFO:Copying training dataset
2020-10-01 19:44:33,037:INFO:Fitting Model
2020-10-01 19:44:33,042:INFO:Scoring test/hold-out set
2020-10-01 19:44:33,470:INFO:Visual Rendered Successfully
2020-10-01 19:44:33,471:INFO:plot_model() succesfully completed......................................
2020-10-01 19:45:01,390:INFO:Initializing plot_model()
2020-10-01 19:45:01,391:INFO:plot_model(estimator=LinearDiscriminantAnalysis(n_components=None, priors=None, shrinkage=None,
                           solver='svd', store_covariance=False, tol=0.0001), plot=pr, save=False, verbose=True, system=True)
2020-10-01 19:45:01,391:INFO:Checking exceptions
2020-10-01 19:45:01,394:INFO:Preloading libraries
2020-10-01 19:45:01,394:INFO:Preparing display monitor
2020-10-01 19:45:01,411:INFO:Importing libraries
2020-10-01 19:45:01,415:INFO:plot type: pr
2020-10-01 19:45:01,415:INFO:Copying training dataset
2020-10-01 19:45:01,440:INFO:Fitting Model
2020-10-01 19:45:01,444:INFO:Scoring test/hold-out set
2020-10-01 19:45:01,819:INFO:Visual Rendered Successfully
2020-10-01 19:45:01,819:INFO:plot_model() succesfully completed......................................
2020-10-01 19:45:36,726:INFO:Initializing plot_model()
2020-10-01 19:45:36,727:INFO:plot_model(estimator=LinearDiscriminantAnalysis(n_components=None, priors=None, shrinkage=None,
                           solver='svd', store_covariance=False, tol=0.0001), plot=feature, save=False, verbose=True, system=True)
2020-10-01 19:45:36,727:INFO:Checking exceptions
2020-10-01 19:45:36,732:INFO:Preloading libraries
2020-10-01 19:45:36,732:INFO:Preparing display monitor
2020-10-01 19:45:36,747:INFO:Importing libraries
2020-10-01 19:45:36,752:INFO:plot type: feature
2020-10-01 19:45:36,752:INFO:Copying training dataset
2020-10-01 19:45:37,113:INFO:Visual Rendered Successfully
2020-10-01 19:45:37,113:INFO:plot_model() succesfully completed......................................
2020-10-01 19:46:01,387:INFO:Initializing plot_model()
2020-10-01 19:46:01,388:INFO:plot_model(estimator=LinearDiscriminantAnalysis(n_components=None, priors=None, shrinkage=None,
                           solver='svd', store_covariance=False, tol=0.0001), plot=confusion_matrix, save=False, verbose=True, system=True)
2020-10-01 19:46:01,388:INFO:Checking exceptions
2020-10-01 19:46:01,392:INFO:Preloading libraries
2020-10-01 19:46:01,393:INFO:Preparing display monitor
2020-10-01 19:46:01,410:INFO:Importing libraries
2020-10-01 19:46:01,412:INFO:plot type: confusion_matrix
2020-10-01 19:46:01,412:INFO:Copying training dataset
2020-10-01 19:46:01,436:INFO:Fitting Model
2020-10-01 19:46:01,438:INFO:Scoring test/hold-out set
2020-10-01 19:46:01,693:INFO:Visual Rendered Successfully
2020-10-01 19:46:01,693:INFO:plot_model() succesfully completed......................................
2020-10-01 19:46:43,192:INFO:Initializing plot_model()
2020-10-01 19:46:43,193:INFO:plot_model(estimator=LinearDiscriminantAnalysis(n_components=None, priors=None, shrinkage=None,
                           solver='svd', store_covariance=False, tol=0.0001), plot=parameter, save=False, verbose=True, system=True)
2020-10-01 19:46:43,193:INFO:Checking exceptions
2020-10-01 19:46:43,196:INFO:Preloading libraries
2020-10-01 19:46:43,196:INFO:Preparing display monitor
2020-10-01 19:46:43,236:INFO:Importing libraries
2020-10-01 19:46:43,240:INFO:plot type: parameter
2020-10-01 19:46:43,240:INFO:Copying training dataset
2020-10-01 19:46:43,267:INFO:Visual Rendered Successfully
2020-10-01 19:46:43,268:INFO:plot_model() succesfully completed......................................
2020-10-01 19:48:22,875:INFO:Initializing finalize_model()
2020-10-01 19:48:22,876:INFO:finalize_model(estimator=LinearDiscriminantAnalysis(n_components=None, priors=None, shrinkage=None,
                           solver='svd', store_covariance=False, tol=0.0001))
2020-10-01 19:48:22,876:INFO:Importing libraries
2020-10-01 19:48:22,876:INFO:Getting model name
2020-10-01 19:48:22,877:INFO:Finalizing Linear Discriminant Analysis
2020-10-01 19:48:23,323:INFO:Initializing create_model()
2020-10-01 19:48:23,323:INFO:create_model(estimator=LinearDiscriminantAnalysis(n_components=None, priors=None, shrinkage=None,
                           solver='svd', store_covariance=False, tol=0.0001), ensemble=False, method=None, fold=10, round=4, cross_validation=True, verbose=False, system=False)
2020-10-01 19:48:23,323:INFO:Checking exceptions
2020-10-01 19:48:23,323:INFO:Preloading libraries
2020-10-01 19:48:23,323:INFO:Preparing display monitor
2020-10-01 19:48:23,339:INFO:Copying training dataset
2020-10-01 19:48:23,343:INFO:Importing libraries
2020-10-01 19:48:23,344:INFO:Defining folds
2020-10-01 19:48:23,344:INFO:Declaring metric variables
2020-10-01 19:48:23,345:INFO:Importing untrained model
2020-10-01 19:48:23,345:INFO:Declaring custom model
2020-10-01 19:48:23,346:INFO:Linear Discriminant Analysis Imported succesfully
2020-10-01 19:48:23,347:INFO:Checking ensemble method
2020-10-01 19:48:23,355:INFO:Initializing Fold 1
2020-10-01 19:48:23,361:INFO:Fitting Model
2020-10-01 19:48:23,596:INFO:Evaluating Metrics
2020-10-01 19:48:23,609:INFO:Compiling Metrics
2020-10-01 19:48:23,620:INFO:Initializing Fold 2
2020-10-01 19:48:23,626:INFO:Fitting Model
2020-10-01 19:48:23,851:INFO:Evaluating Metrics
2020-10-01 19:48:23,929:INFO:Compiling Metrics
2020-10-01 19:48:23,949:INFO:Initializing Fold 3
2020-10-01 19:48:23,960:INFO:Fitting Model
2020-10-01 19:48:24,230:INFO:Evaluating Metrics
2020-10-01 19:48:24,246:INFO:Compiling Metrics
2020-10-01 19:48:24,257:INFO:Initializing Fold 4
2020-10-01 19:48:24,262:INFO:Fitting Model
2020-10-01 19:48:24,511:INFO:Evaluating Metrics
2020-10-01 19:48:24,525:INFO:Compiling Metrics
2020-10-01 19:48:24,536:INFO:Initializing Fold 5
2020-10-01 19:48:24,541:INFO:Fitting Model
2020-10-01 19:48:24,765:INFO:Evaluating Metrics
2020-10-01 19:48:24,781:INFO:Compiling Metrics
2020-10-01 19:48:24,794:INFO:Initializing Fold 6
2020-10-01 19:48:24,802:INFO:Fitting Model
2020-10-01 19:48:25,133:INFO:Evaluating Metrics
2020-10-01 19:48:25,146:INFO:Compiling Metrics
2020-10-01 19:48:25,156:INFO:Initializing Fold 7
2020-10-01 19:48:25,162:INFO:Fitting Model
2020-10-01 19:48:25,377:INFO:Evaluating Metrics
2020-10-01 19:48:25,390:INFO:Compiling Metrics
2020-10-01 19:48:25,402:INFO:Initializing Fold 8
2020-10-01 19:48:25,409:INFO:Fitting Model
2020-10-01 19:48:25,628:INFO:Evaluating Metrics
2020-10-01 19:48:25,641:INFO:Compiling Metrics
2020-10-01 19:48:25,651:INFO:Initializing Fold 9
2020-10-01 19:48:25,657:INFO:Fitting Model
2020-10-01 19:48:26,159:INFO:Evaluating Metrics
2020-10-01 19:48:26,173:INFO:Compiling Metrics
2020-10-01 19:48:26,185:INFO:Initializing Fold 10
2020-10-01 19:48:26,190:INFO:Fitting Model
2020-10-01 19:48:26,411:INFO:Evaluating Metrics
2020-10-01 19:48:26,425:INFO:Compiling Metrics
2020-10-01 19:48:26,436:INFO:Calculating mean and std
2020-10-01 19:48:26,438:INFO:Creating metrics dataframe
2020-10-01 19:48:26,443:INFO:Finalizing model
2020-10-01 19:48:26,834:INFO:Uploading results into container
2020-10-01 19:48:26,835:INFO:Uploading model into container now
2020-10-01 19:48:26,835:INFO:create_model_container: 4
2020-10-01 19:48:26,835:INFO:master_model_container: 4
2020-10-01 19:48:26,835:INFO:display_container: 6
2020-10-01 19:48:26,835:INFO:LinearDiscriminantAnalysis(n_components=None, priors=None, shrinkage=None,
                           solver='svd', store_covariance=False, tol=0.0001)
2020-10-01 19:48:26,835:INFO:create_model() succesfully completed......................................
2020-10-01 19:48:26,842:INFO:create_model_container: 4
2020-10-01 19:48:26,842:INFO:master_model_container: 4
2020-10-01 19:48:26,842:INFO:display_container: 6
2020-10-01 19:48:26,843:INFO:LinearDiscriminantAnalysis(n_components=None, priors=None, shrinkage=None,
                           solver='svd', store_covariance=False, tol=0.0001)
2020-10-01 19:48:26,843:INFO:finalize_model() succesfully completed......................................
2020-10-01 19:53:35,005:INFO:Initializing save_model()
2020-10-01 19:53:35,005:INFO:save_model(model=LinearDiscriminantAnalysis(n_components=None, priors=None, shrinkage=None,
                           solver='svd', store_covariance=False, tol=0.0001), model_name=Final-LDA-Model, model_only=False, verbose=True)
2020-10-01 19:53:35,006:INFO:Adding model into prep_pipe
2020-10-01 19:53:35,023:INFO:Final-LDA-Model.pkl saved in current working directory
2020-10-01 19:53:35,031:INFO:Pipeline(memory=None,
         steps=[('dtypes',
                 DataTypes_Auto_infer(categorical_features=[],
                                      display_types=True, features_todrop=[],
                                      ml_usecase='classification',
                                      numerical_features=[], target='default',
                                      time_features=[])),
                ('imputer',
                 Simple_Imputer(categorical_strategy='not_available',
                                numeric_strategy='mean',
                                target_variable=None)),
                ('new_levels1',
                 New_Catagorical_Le...
                ('cluster_all', Empty()), ('dummy', Dummify(target='default')),
                ('fix_perfect', Empty()), ('clean_names', Clean_Colum_Names()),
                ('feature_select', Empty()), ('fix_multi', Empty()),
                ('dfs', Empty()), ('pca', Empty()),
                ['trained model',
                 LinearDiscriminantAnalysis(n_components=None, priors=None,
                                            shrinkage=None, solver='svd',
                                            store_covariance=False,
                                            tol=0.0001)]],
         verbose=False)
2020-10-01 19:53:35,031:INFO:save_model() succesfully completed......................................
